<?xml version="1.0" encoding="UTF-8"?>
<!-- Generated by org.testng.reporters.JUnitXMLReporter -->
<testsuite hostname="PC00BR22996" ignored="0" name="Surefire test" tests="30" failures="6" timestamp="06 Sep 2018 21:54:03 GMT" time="4.272" errors="0">
  <testcase name="givenAEncoded64ValueInJonBody_WhenIAddItToAInvalidSide_ThenTheStatusCodeIsNotImplemented" time="2.464" classname="org.waes.it.AddSideValueIT"/>
  <testcase name="givenAEncoded64ValueInJonBody_WhenIAddItToLeftSide_ThenAddedValueReturnsInLeftSide" time="0.053" classname="org.waes.it.AddSideValueIT"/>
  <testcase name="givenAEncoded64ValueInJonBody_WhenIAddItToRightSide_ThenAddedValueReturnsInRightSide" time="0.043" classname="org.waes.it.AddSideValueIT"/>
  <testcase name="givenAEncoded64ValueInJonBody_WhenICallItUsingAIdThatExceedsLongLimit_ThenTheStatusCodeIsNotFound" time="0.101" classname="org.waes.it.AddSideValueIT"/>
  <testcase name="givenAEncoded64ValueInJonBody_WhenICallItUsingAIdThatExceedsLongNegativeLimit_ThenTheStatusCodeIsNotFound" time="0.03" classname="org.waes.it.AddSideValueIT"/>
  <testcase name="givenAEncoded64ValueInJonBody_WhenICallItUsingAValueThatIsNotInStringFormat_ThenTheStatusCodeIsUnsupportedMediaType" time="0.055" classname="org.waes.it.AddSideValueIT"/>
  <testcase name="givenAEncoded64ValueInJonBody_WhenICallItUsingAnEmptyStringInJsonBody_ThenTheEmptyStringIsAdded" time="0.053" classname="org.waes.it.AddSideValueIT"/>
  <testcase name="givenAEncoded64ValueInJonBody_WhenICallItUsingAnValueThatIsInJsonBodyFormatInJsonBody_ThenTheValueIsAdded" time="0.054" classname="org.waes.it.AddSideValueIT">
    <failure type="java.lang.AssertionError" message="1 expectation failed.
Expected status code &amp;lt;200&amp;gt; but was &amp;lt;500&amp;gt;.
">
      <![CDATA[java.lang.AssertionError: 1 expectation failed.
Expected status code <200> but was <500>.

	at org.codehaus.groovy.runtime.callsite.ConstructorSite$ConstructorSiteNoUnwrap.callConstructor(ConstructorSite.java:84)
	at org.codehaus.groovy.runtime.callsite.CallSiteArray.defaultCallConstructor(CallSiteArray.java:60)
	at org.codehaus.groovy.runtime.callsite.AbstractCallSite.callConstructor(AbstractCallSite.java:235)
	at org.codehaus.groovy.runtime.callsite.AbstractCallSite.callConstructor(AbstractCallSite.java:247)
	at io.restassured.internal.ResponseSpecificationImpl$HamcrestAssertionClosure.validate(ResponseSpecificationImpl.groovy:471)
	at io.restassured.internal.ResponseSpecificationImpl$HamcrestAssertionClosure$validate$1.call(Unknown Source)
	at io.restassured.internal.ResponseSpecificationImpl.validateResponseIfRequired(ResponseSpecificationImpl.groovy:643)
	at org.codehaus.groovy.runtime.callsite.PogoMetaMethodSite$PogoCachedMethodSiteNoUnwrapNoCoerce.invoke(PogoMetaMethodSite.java:210)
	at org.codehaus.groovy.runtime.callsite.PogoMetaMethodSite.callCurrent(PogoMetaMethodSite.java:59)
	at org.codehaus.groovy.runtime.callsite.AbstractCallSite.callCurrent(AbstractCallSite.java:166)
	at io.restassured.internal.ResponseSpecificationImpl.statusCode(ResponseSpecificationImpl.groovy:122)
	at io.restassured.specification.ResponseSpecification$statusCode$0.callCurrent(Unknown Source)
	at io.restassured.internal.ResponseSpecificationImpl.statusCode(ResponseSpecificationImpl.groovy:130)
	at io.restassured.internal.ValidatableResponseOptionsImpl.statusCode(ValidatableResponseOptionsImpl.java:117)
	at org.waes.it.AddSideValueIT.givenAEncoded64ValueInJonBody_WhenICallItUsingAnValueThatIsInJsonBodyFormatInJsonBody_ThenTheValueIsAdded(AddSideValueIT.java:416)
... Removed 39 stack frames]]>
    </failure>
  </testcase> <!-- givenAEncoded64ValueInJonBody_WhenICallItUsingAnValueThatIsInJsonBodyFormatInJsonBody_ThenTheValueIsAdded -->
  <testcase name="givenAEncoded64ValueInJonBody_WhenICallItUsingAnValueThatIsLessThan4CharsInJsonBody_ThenTheStatusCodeIsUnsupportedMediaType" time="0.069" classname="org.waes.it.AddSideValueIT"/>
  <testcase name="givenAEncoded64ValueInJonBody_WhenICallItUsingAnValueWithPlusInJsonBody_ThenTheValueWithPlusIsAdded" time="0.024" classname="org.waes.it.AddSideValueIT">
    <failure type="java.lang.AssertionError" message="1 expectation failed.
Expected status code &amp;lt;200&amp;gt; but was &amp;lt;415&amp;gt;.
">
      <![CDATA[java.lang.AssertionError: 1 expectation failed.
Expected status code <200> but was <415>.

	at org.codehaus.groovy.runtime.callsite.ConstructorSite$ConstructorSiteNoUnwrap.callConstructor(ConstructorSite.java:84)
	at org.codehaus.groovy.runtime.callsite.AbstractCallSite.callConstructor(AbstractCallSite.java:247)
	at io.restassured.internal.ResponseSpecificationImpl$HamcrestAssertionClosure.validate(ResponseSpecificationImpl.groovy:471)
	at io.restassured.internal.ResponseSpecificationImpl$HamcrestAssertionClosure$validate$1.call(Unknown Source)
	at io.restassured.internal.ResponseSpecificationImpl.validateResponseIfRequired(ResponseSpecificationImpl.groovy:643)
	at org.codehaus.groovy.runtime.callsite.PogoMetaMethodSite$PogoCachedMethodSiteNoUnwrapNoCoerce.invoke(PogoMetaMethodSite.java:210)
	at org.codehaus.groovy.runtime.callsite.PogoMetaMethodSite.callCurrent(PogoMetaMethodSite.java:59)
	at org.codehaus.groovy.runtime.callsite.AbstractCallSite.callCurrent(AbstractCallSite.java:166)
	at io.restassured.internal.ResponseSpecificationImpl.statusCode(ResponseSpecificationImpl.groovy:122)
	at io.restassured.specification.ResponseSpecification$statusCode$0.callCurrent(Unknown Source)
	at io.restassured.internal.ResponseSpecificationImpl.statusCode(ResponseSpecificationImpl.groovy:130)
	at io.restassured.internal.ValidatableResponseOptionsImpl.statusCode(ValidatableResponseOptionsImpl.java:117)
	at org.waes.it.AddSideValueIT.givenAEncoded64ValueInJonBody_WhenICallItUsingAnValueWithPlusInJsonBody_ThenTheValueWithPlusIsAdded(AddSideValueIT.java:368)
... Removed 39 stack frames]]>
    </failure>
  </testcase> <!-- givenAEncoded64ValueInJonBody_WhenICallItUsingAnValueWithPlusInJsonBody_ThenTheValueWithPlusIsAdded -->
  <testcase name="givenAEncoded64ValueInJonBody_WhenICallItUsingAnValueWithSlashInJsonBody_ThenTheValueWithSlashIsAdded" time="0.026" classname="org.waes.it.AddSideValueIT">
    <failure type="java.lang.AssertionError" message="1 expectation failed.
Expected status code &amp;lt;200&amp;gt; but was &amp;lt;415&amp;gt;.
">
      <![CDATA[java.lang.AssertionError: 1 expectation failed.
Expected status code <200> but was <415>.

	at org.codehaus.groovy.runtime.callsite.ConstructorSite$ConstructorSiteNoUnwrap.callConstructor(ConstructorSite.java:84)
	at org.codehaus.groovy.runtime.callsite.AbstractCallSite.callConstructor(AbstractCallSite.java:247)
	at io.restassured.internal.ResponseSpecificationImpl$HamcrestAssertionClosure.validate(ResponseSpecificationImpl.groovy:471)
	at io.restassured.internal.ResponseSpecificationImpl$HamcrestAssertionClosure$validate$1.call(Unknown Source)
	at io.restassured.internal.ResponseSpecificationImpl.validateResponseIfRequired(ResponseSpecificationImpl.groovy:643)
	at org.codehaus.groovy.runtime.callsite.PogoMetaMethodSite$PogoCachedMethodSiteNoUnwrapNoCoerce.invoke(PogoMetaMethodSite.java:210)
	at org.codehaus.groovy.runtime.callsite.PogoMetaMethodSite.callCurrent(PogoMetaMethodSite.java:59)
	at org.codehaus.groovy.runtime.callsite.AbstractCallSite.callCurrent(AbstractCallSite.java:166)
	at io.restassured.internal.ResponseSpecificationImpl.statusCode(ResponseSpecificationImpl.groovy:122)
	at io.restassured.specification.ResponseSpecification$statusCode$0.callCurrent(Unknown Source)
	at io.restassured.internal.ResponseSpecificationImpl.statusCode(ResponseSpecificationImpl.groovy:130)
	at io.restassured.internal.ValidatableResponseOptionsImpl.statusCode(ValidatableResponseOptionsImpl.java:117)
	at org.waes.it.AddSideValueIT.givenAEncoded64ValueInJonBody_WhenICallItUsingAnValueWithSlashInJsonBody_ThenTheValueWithSlashIsAdded(AddSideValueIT.java:344)
... Removed 39 stack frames]]>
    </failure>
  </testcase> <!-- givenAEncoded64ValueInJonBody_WhenICallItUsingAnValueWithSlashInJsonBody_ThenTheValueWithSlashIsAdded -->
  <testcase name="givenAEncoded64ValueInJonBody_WhenICallItUsingCharAsId_ThenTheStatusCodeIsNotFound" time="0.025" classname="org.waes.it.AddSideValueIT"/>
  <testcase name="givenAEncoded64ValueInJonBody_WhenICallItUsingDoubleAsId_ThenTheStatusCodeIsNotFound" time="0.028" classname="org.waes.it.AddSideValueIT"/>
  <testcase name="givenAEncoded64ValueInJonBody_WhenICallItUsingNegativeNumberAsId_ThenAddedValueReturnsInLeftSide" time="0.036" classname="org.waes.it.AddSideValueIT"/>
  <testcase name="givenAEncoded64ValueInJonBody_WhenICallItUsingPaddingInJsonBodyValue_ThenThePaddedValueIsAdded" time="0.024" classname="org.waes.it.AddSideValueIT">
    <failure type="java.lang.AssertionError" message="1 expectation failed.
Expected status code &amp;lt;200&amp;gt; but was &amp;lt;415&amp;gt;.
">
      <![CDATA[java.lang.AssertionError: 1 expectation failed.
Expected status code <200> but was <415>.

	at org.codehaus.groovy.runtime.callsite.ConstructorSite$ConstructorSiteNoUnwrap.callConstructor(ConstructorSite.java:84)
	at org.codehaus.groovy.runtime.callsite.AbstractCallSite.callConstructor(AbstractCallSite.java:247)
	at io.restassured.internal.ResponseSpecificationImpl$HamcrestAssertionClosure.validate(ResponseSpecificationImpl.groovy:471)
	at io.restassured.internal.ResponseSpecificationImpl$HamcrestAssertionClosure$validate$1.call(Unknown Source)
	at io.restassured.internal.ResponseSpecificationImpl.validateResponseIfRequired(ResponseSpecificationImpl.groovy:643)
	at org.codehaus.groovy.runtime.callsite.PogoMetaMethodSite$PogoCachedMethodSiteNoUnwrapNoCoerce.invoke(PogoMetaMethodSite.java:210)
	at org.codehaus.groovy.runtime.callsite.PogoMetaMethodSite.callCurrent(PogoMetaMethodSite.java:59)
	at org.codehaus.groovy.runtime.callsite.AbstractCallSite.callCurrent(AbstractCallSite.java:166)
	at io.restassured.internal.ResponseSpecificationImpl.statusCode(ResponseSpecificationImpl.groovy:122)
	at io.restassured.specification.ResponseSpecification$statusCode$0.callCurrent(Unknown Source)
	at io.restassured.internal.ResponseSpecificationImpl.statusCode(ResponseSpecificationImpl.groovy:130)
	at io.restassured.internal.ValidatableResponseOptionsImpl.statusCode(ValidatableResponseOptionsImpl.java:117)
	at org.waes.it.AddSideValueIT.givenAEncoded64ValueInJonBody_WhenICallItUsingPaddingInJsonBodyValue_ThenThePaddedValueIsAdded(AddSideValueIT.java:320)
... Removed 39 stack frames]]>
    </failure>
  </testcase> <!-- givenAEncoded64ValueInJonBody_WhenICallItUsingPaddingInJsonBodyValue_ThenThePaddedValueIsAdded -->
  <testcase name="givenAEncoded64ValueInJonBody_WhenICallItUsingUsingAUppercaseLetter_ThenTheStatusCodeIsNotImplemented" time="0.074" classname="org.waes.it.AddSideValueIT"/>
  <testcase name="givenAEncoded64ValueInJonBody_WhenICallItWithoutAId_ThenTheStatusCodeIsNotFound" time="0.024" classname="org.waes.it.AddSideValueIT"/>
  <testcase name="givenAEncoded64ValueInJonBody_WhenICallItWithoutASide_ThenTheStatusCodeIsMethodNotAllowed" time="0.023" classname="org.waes.it.AddSideValueIT"/>
  <testcase name="givenBothSideHaveDiffLengthValues_WhenValidateDiffIsCalled_ThenStatusCodeIs200AndTypeIsDifferentLength" time="0.098" classname="org.waes.it.ValidateDiffIT"/>
  <testcase name="givenBothSideHaveSameLengthAndDiffChars_WhenValidateDiffIsCalled_ThenTheTypeIsDifferentLengthAndDetailMessageIsDisplayed" time="0.129" classname="org.waes.it.ValidateDiffIT"/>
  <testcase name="givenBothSidesHaveEmprtyStrings_WhenValidateDiffIsCalled_ThenTheStatusCodeIs200AndTypeIsEqual" time="0.13" classname="org.waes.it.ValidateDiffIT"/>
  <testcase name="givenBothSidesHaveSameCharsButInDiffOrder_WhenValidateDiffIsCalled_ThenTheTypeIsDifferentLengthAndDetailMessageIsDisplayed" time="0.088" classname="org.waes.it.ValidateDiffIT"/>
  <testcase name="givenBothsideHavesameData_WhenValidateDiffIsCalled_ThenTheStatusCodeIs200AndTypeIsEqual" time="0.093" classname="org.waes.it.ValidateDiffIT"/>
  <testcase name="givenFirstAndLastCharsAreDiff_WhenValidateDiffIsCalled_ThenTheTypeIsDifferentCharsAndDetailMessageIsDisplayed" time="0.091" classname="org.waes.it.ValidateDiffIT"/>
  <testcase name="givenLeftSideDontHaveData_WhenValidateDiffIsCalled_ThenTypeIsDifferentLengthAndLeftSideContainsNoValue" time="0.073" classname="org.waes.it.ValidateDiffIT"/>
  <testcase name="givenLeftSideHasAEmptyString_WhenValidateDiffIsCalled_ThenStatusCodeIs200AndTypeIsDifferentLength" time="0.07" classname="org.waes.it.ValidateDiffIT"/>
  <testcase name="givenRightSideDontHaveData_WhenValidateDiffIsCalled_ThenTypeIsDifferentLengthAndRightSideContainsNoValue" time="0.067" classname="org.waes.it.ValidateDiffIT">
    <failure type="java.lang.AssertionError" message="1 expectation failed.
Expected status code &amp;lt;200&amp;gt; but was &amp;lt;204&amp;gt;.
">
      <![CDATA[java.lang.AssertionError: 1 expectation failed.
Expected status code <200> but was <204>.

	at org.codehaus.groovy.runtime.callsite.ConstructorSite$ConstructorSiteNoUnwrap.callConstructor(ConstructorSite.java:84)
	at org.codehaus.groovy.runtime.callsite.AbstractCallSite.callConstructor(AbstractCallSite.java:247)
	at io.restassured.internal.ResponseSpecificationImpl$HamcrestAssertionClosure.validate(ResponseSpecificationImpl.groovy:471)
	at io.restassured.internal.ResponseSpecificationImpl$HamcrestAssertionClosure$validate$1.call(Unknown Source)
	at io.restassured.internal.ResponseSpecificationImpl.validateResponseIfRequired(ResponseSpecificationImpl.groovy:643)
	at org.codehaus.groovy.runtime.callsite.PogoMetaMethodSite$PogoCachedMethodSiteNoUnwrapNoCoerce.invoke(PogoMetaMethodSite.java:210)
	at org.codehaus.groovy.runtime.callsite.PogoMetaMethodSite.callCurrent(PogoMetaMethodSite.java:59)
	at org.codehaus.groovy.runtime.callsite.AbstractCallSite.callCurrent(AbstractCallSite.java:166)
	at io.restassured.internal.ResponseSpecificationImpl.statusCode(ResponseSpecificationImpl.groovy:122)
	at io.restassured.specification.ResponseSpecification$statusCode$0.callCurrent(Unknown Source)
	at io.restassured.internal.ResponseSpecificationImpl.statusCode(ResponseSpecificationImpl.groovy:130)
	at io.restassured.internal.ValidatableResponseOptionsImpl.statusCode(ValidatableResponseOptionsImpl.java:117)
	at org.waes.it.ValidateDiffIT.givenRightSideDontHaveData_WhenValidateDiffIsCalled_ThenTypeIsDifferentLengthAndRightSideContainsNoValue(ValidateDiffIT.java:69)
... Removed 39 stack frames]]>
    </failure>
  </testcase> <!-- givenRightSideDontHaveData_WhenValidateDiffIsCalled_ThenTypeIsDifferentLengthAndRightSideContainsNoValue -->
  <testcase name="givenRightSideHasAEmptyString_WhenValidateDiffIsCalled_ThenStatusCodeIs200AndTypeIsDifferentLength" time="0.057" classname="org.waes.it.ValidateDiffIT">
    <failure type="java.lang.AssertionError" message="1 expectation failed.
JSON path right doesn&amp;apos;t match.
Expected: W43s
  Actual: 
">
      <![CDATA[java.lang.AssertionError: 1 expectation failed.
JSON path right doesn't match.
Expected: W43s
  Actual: 

	at org.codehaus.groovy.runtime.callsite.ConstructorSite$ConstructorSiteNoUnwrap.callConstructor(ConstructorSite.java:84)
	at org.codehaus.groovy.runtime.callsite.AbstractCallSite.callConstructor(AbstractCallSite.java:247)
	at io.restassured.internal.ResponseSpecificationImpl$HamcrestAssertionClosure.validate(ResponseSpecificationImpl.groovy:471)
	at io.restassured.internal.ResponseSpecificationImpl$HamcrestAssertionClosure$validate$1.call(Unknown Source)
	at io.restassured.internal.ResponseSpecificationImpl.validateResponseIfRequired(ResponseSpecificationImpl.groovy:643)
	at org.codehaus.groovy.runtime.callsite.PogoMetaMethodSite$PogoCachedMethodSiteNoUnwrapNoCoerce.invoke(PogoMetaMethodSite.java:210)
	at org.codehaus.groovy.runtime.callsite.PogoMetaMethodSite.callCurrent(PogoMetaMethodSite.java:59)
	at org.codehaus.groovy.runtime.callsite.AbstractCallSite.callCurrent(AbstractCallSite.java:166)
	at io.restassured.internal.ResponseSpecificationImpl.content(ResponseSpecificationImpl.groovy:265)
	at io.restassured.specification.ResponseSpecification$content$1.callCurrent(Unknown Source)
	at io.restassured.internal.ResponseSpecificationImpl.body(ResponseSpecificationImpl.groovy:248)
	at io.restassured.internal.ValidatableResponseOptionsImpl.body(ValidatableResponseOptionsImpl.java:268)
	at org.waes.it.ValidateDiffIT.givenRightSideHasAEmptyString_WhenValidateDiffIsCalled_ThenStatusCodeIs200AndTypeIsDifferentLength(ValidateDiffIT.java:339)
... Removed 39 stack frames]]>
    </failure>
  </testcase> <!-- givenRightSideHasAEmptyString_WhenValidateDiffIsCalled_ThenStatusCodeIs200AndTypeIsDifferentLength -->
  <testcase name="givenTheEndpointAcceptsLongAsID_WhenValidateDiffIsCalledWithACharAsId_ThenTheStatusCodeIs404" time="0.019" classname="org.waes.it.ValidateDiffIT"/>
  <testcase name="givenTheValueAreInANegId_WhenValidateDiffIsCalledWithTheNegId_ThenTheStatusCodeIs200AndTypeEqual" time="0.093" classname="org.waes.it.ValidateDiffIT"/>
</testsuite> <!-- Surefire test -->
