<html>
<head>
<title>TestNG:  Surefire test</title>
<link href="../testng.css" rel="stylesheet" type="text/css" />
<link href="../my-testng.css" rel="stylesheet" type="text/css" />

<style type="text/css">
.log { display: none;} 
.stack-trace { display: none;} 
</style>
<script type="text/javascript">
<!--
function flip(e) {
  current = e.style.display;
  if (current == 'block') {
    e.style.display = 'none';
    return 0;
  }
  else {
    e.style.display = 'block';
    return 1;
  }
}

function toggleBox(szDivId, elem, msg1, msg2)
{
  var res = -1;  if (document.getElementById) {
    res = flip(document.getElementById(szDivId));
  }
  else if (document.all) {
    // this is the way old msie versions work
    res = flip(document.all[szDivId]);
  }
  if(elem) {
    if(res == 0) elem.innerHTML = msg1; else elem.innerHTML = msg2;
  }

}

function toggleAllBoxes() {
  if (document.getElementsByTagName) {
    d = document.getElementsByTagName('div');
    for (i = 0; i < d.length; i++) {
      if (d[i].className == 'log') {
        flip(d[i]);
      }
    }
  }
}

// -->
</script>

</head>
<body>
<h2 align='center'>Surefire test</h2><table border='1' align="center">
<tr>
<td>Tests passed/Failed/Skipped:</td><td>24/6/0</td>
</tr><tr>
<td>Started on:</td><td>Thu Sep 06 18:53:58 BRT 2018</td>
</tr>
<tr><td>Total time:</td><td>4 seconds (4272 ms)</td>
</tr><tr>
<td>Included groups:</td><td></td>
</tr><tr>
<td>Excluded groups:</td><td></td>
</tr>
</table><p/>
<small><i>(Hover the method name to see the test class name)</i></small><p/>
<table width='100%' border='1' class='invocation-failed'>
<tr><td colspan='4' align='center'><b>FAILED TESTS</b></td></tr>
<tr><td><b>Test method</b></td>
<td width="30%"><b>Exception</b></td>
<td width="10%"><b>Time (seconds)</b></td>
<td><b>Instance</b></td>
</tr>
<tr>
<td title='org.waes.it.AddSideValueIT.givenAEncoded64ValueInJonBody_WhenICallItUsingAnValueThatIsInJsonBodyFormatInJsonBody_ThenTheValueIsAdded()'><b>givenAEncoded64ValueInJonBody_WhenICallItUsingAnValueThatIsInJsonBodyFormatInJsonBody_ThenTheValueIsAdded</b><br>Test class: org.waes.it.AddSideValueIT<br>Test method: AddSideValue - Using a string in json format</td>
<td><div><pre>java.lang.AssertionError: 1 expectation failed.
Expected status code &lt;200&gt; but was &lt;500&gt;.

	at org.codehaus.groovy.runtime.callsite.ConstructorSite$ConstructorSiteNoUnwrap.callConstructor(ConstructorSite.java:84)
	at org.codehaus.groovy.runtime.callsite.CallSiteArray.defaultCallConstructor(CallSiteArray.java:60)
	at org.codehaus.groovy.runtime.callsite.AbstractCallSite.callConstructor(AbstractCallSite.java:235)
	at org.codehaus.groovy.runtime.callsite.AbstractCallSite.callConstructor(AbstractCallSite.java:247)
	at io.restassured.internal.ResponseSpecificationImpl$HamcrestAssertionClosure.validate(ResponseSpecificationImpl.groovy:471)
	at io.restassured.internal.ResponseSpecificationImpl$HamcrestAssertionClosure$validate$1.call(Unknown Source)
	at io.restassured.internal.ResponseSpecificationImpl.validateResponseIfRequired(ResponseSpecificationImpl.groovy:643)
	at org.codehaus.groovy.runtime.callsite.PogoMetaMethodSite$PogoCachedMethodSiteNoUnwrapNoCoerce.invoke(PogoMetaMethodSite.java:210)
	at org.codehaus.groovy.runtime.callsite.PogoMetaMethodSite.callCurrent(PogoMetaMethodSite.java:59)
	at org.codehaus.groovy.runtime.callsite.AbstractCallSite.callCurrent(AbstractCallSite.java:166)
	at io.restassured.internal.ResponseSpecificationImpl.statusCode(ResponseSpecificationImpl.groovy:122)
	at io.restassured.specification.ResponseSpecification$statusCode$0.callCurrent(Unknown Source)
	at io.restassured.internal.ResponseSpecificationImpl.statusCode(ResponseSpecificationImpl.groovy:130)
	at io.restassured.internal.ValidatableResponseOptionsImpl.statusCode(ValidatableResponseOptionsImpl.java:117)
	at org.waes.it.AddSideValueIT.givenAEncoded64ValueInJonBody_WhenICallItUsingAnValueThatIsInJsonBodyFormatInJsonBody_ThenTheValueIsAdded(AddSideValueIT.java:416)
... Removed 39 stack frames</pre></div><a href='#' onClick='toggleBox("stack-trace6128922", this, "Click to show all stack frames", "Click to hide stack frames")'>Click to show all stack frames</a>
<div class='stack-trace' id='stack-trace6128922'><pre>java.lang.AssertionError: 1 expectation failed.
Expected status code &lt;200&gt; but was &lt;500&gt;.

	at sun.reflect.NativeConstructorAccessorImpl.newInstance0(Native Method)
	at sun.reflect.NativeConstructorAccessorImpl.newInstance(NativeConstructorAccessorImpl.java:62)
	at sun.reflect.DelegatingConstructorAccessorImpl.newInstance(DelegatingConstructorAccessorImpl.java:45)
	at java.lang.reflect.Constructor.newInstance(Constructor.java:423)
	at org.codehaus.groovy.reflection.CachedConstructor.invoke(CachedConstructor.java:83)
	at org.codehaus.groovy.reflection.CachedConstructor.doConstructorInvoke(CachedConstructor.java:77)
	at org.codehaus.groovy.runtime.callsite.ConstructorSite$ConstructorSiteNoUnwrap.callConstructor(ConstructorSite.java:84)
	at org.codehaus.groovy.runtime.callsite.CallSiteArray.defaultCallConstructor(CallSiteArray.java:60)
	at org.codehaus.groovy.runtime.callsite.AbstractCallSite.callConstructor(AbstractCallSite.java:235)
	at org.codehaus.groovy.runtime.callsite.AbstractCallSite.callConstructor(AbstractCallSite.java:247)
	at io.restassured.internal.ResponseSpecificationImpl$HamcrestAssertionClosure.validate(ResponseSpecificationImpl.groovy:471)
	at io.restassured.internal.ResponseSpecificationImpl$HamcrestAssertionClosure$validate$1.call(Unknown Source)
	at io.restassured.internal.ResponseSpecificationImpl.validateResponseIfRequired(ResponseSpecificationImpl.groovy:643)
	at sun.reflect.GeneratedMethodAccessor47.invoke(Unknown Source)
	at sun.reflect.DelegatingMethodAccessorImpl.invoke(DelegatingMethodAccessorImpl.java:43)
	at java.lang.reflect.Method.invoke(Method.java:498)
	at org.codehaus.groovy.runtime.callsite.PogoMetaMethodSite$PogoCachedMethodSiteNoUnwrapNoCoerce.invoke(PogoMetaMethodSite.java:210)
	at org.codehaus.groovy.runtime.callsite.PogoMetaMethodSite.callCurrent(PogoMetaMethodSite.java:59)
	at org.codehaus.groovy.runtime.callsite.AbstractCallSite.callCurrent(AbstractCallSite.java:166)
	at io.restassured.internal.ResponseSpecificationImpl.statusCode(ResponseSpecificationImpl.groovy:122)
	at io.restassured.specification.ResponseSpecification$statusCode$0.callCurrent(Unknown Source)
	at io.restassured.internal.ResponseSpecificationImpl.statusCode(ResponseSpecificationImpl.groovy:130)
	at io.restassured.internal.ValidatableResponseOptionsImpl.statusCode(ValidatableResponseOptionsImpl.java:117)
	at org.waes.it.AddSideValueIT.givenAEncoded64ValueInJonBody_WhenICallItUsingAnValueThatIsInJsonBodyFormatInJsonBody_ThenTheValueIsAdded(AddSideValueIT.java:416)
	at sun.reflect.NativeMethodAccessorImpl.invoke0(Native Method)
	at sun.reflect.NativeMethodAccessorImpl.invoke(NativeMethodAccessorImpl.java:62)
	at sun.reflect.DelegatingMethodAccessorImpl.invoke(DelegatingMethodAccessorImpl.java:43)
	at java.lang.reflect.Method.invoke(Method.java:498)
	at org.testng.internal.MethodInvocationHelper.invokeMethod(MethodInvocationHelper.java:108)
	at org.testng.internal.Invoker.invokeMethod(Invoker.java:661)
	at org.testng.internal.Invoker.invokeTestMethod(Invoker.java:869)
	at org.testng.internal.Invoker.invokeTestMethods(Invoker.java:1193)
	at org.testng.internal.TestMethodWorker.invokeTestMethods(TestMethodWorker.java:126)
	at org.testng.internal.TestMethodWorker.run(TestMethodWorker.java:109)
	at org.testng.TestRunner.privateRun(TestRunner.java:744)
	at org.testng.TestRunner.run(TestRunner.java:602)
	at org.testng.SuiteRunner.runTest(SuiteRunner.java:380)
	at org.testng.SuiteRunner.runSequentially(SuiteRunner.java:375)
	at org.testng.SuiteRunner.privateRun(SuiteRunner.java:340)
	at org.testng.SuiteRunner.run(SuiteRunner.java:289)
	at org.testng.SuiteRunnerWorker.runSuite(SuiteRunnerWorker.java:52)
	at org.testng.SuiteRunnerWorker.run(SuiteRunnerWorker.java:86)
	at org.testng.TestNG.runSuitesSequentially(TestNG.java:1301)
	at org.testng.TestNG.runSuitesLocally(TestNG.java:1226)
	at org.testng.TestNG.runSuites(TestNG.java:1144)
	at org.testng.TestNG.run(TestNG.java:1115)
	at org.apache.maven.surefire.testng.TestNGExecutor.run(TestNGExecutor.java:135)
	at org.apache.maven.surefire.testng.TestNGDirectoryTestSuite.executeMulti(TestNGDirectoryTestSuite.java:193)
	at org.apache.maven.surefire.testng.TestNGDirectoryTestSuite.execute(TestNGDirectoryTestSuite.java:94)
	at org.apache.maven.surefire.testng.TestNGProvider.invoke(TestNGProvider.java:146)
	at org.apache.maven.surefire.booter.ForkedBooter.invokeProviderInSameClassLoader(ForkedBooter.java:383)
	at org.apache.maven.surefire.booter.ForkedBooter.runSuitesInProcess(ForkedBooter.java:344)
	at org.apache.maven.surefire.booter.ForkedBooter.execute(ForkedBooter.java:125)
	at org.apache.maven.surefire.booter.ForkedBooter.main(ForkedBooter.java:417)
</pre></div></td>
<td>0</td>
<td>org.waes.it.AddSideValueIT@1b9a3ff</td></tr>
<tr>
<td title='org.waes.it.AddSideValueIT.givenAEncoded64ValueInJonBody_WhenICallItUsingAnValueWithPlusInJsonBody_ThenTheValueWithPlusIsAdded()'><b>givenAEncoded64ValueInJonBody_WhenICallItUsingAnValueWithPlusInJsonBody_ThenTheValueWithPlusIsAdded</b><br>Test class: org.waes.it.AddSideValueIT<br>Test method: AddSideValue - Using a plus in the json body value.</td>
<td><div><pre>java.lang.AssertionError: 1 expectation failed.
Expected status code &lt;200&gt; but was &lt;415&gt;.

	at org.codehaus.groovy.runtime.callsite.ConstructorSite$ConstructorSiteNoUnwrap.callConstructor(ConstructorSite.java:84)
	at org.codehaus.groovy.runtime.callsite.AbstractCallSite.callConstructor(AbstractCallSite.java:247)
	at io.restassured.internal.ResponseSpecificationImpl$HamcrestAssertionClosure.validate(ResponseSpecificationImpl.groovy:471)
	at io.restassured.internal.ResponseSpecificationImpl$HamcrestAssertionClosure$validate$1.call(Unknown Source)
	at io.restassured.internal.ResponseSpecificationImpl.validateResponseIfRequired(ResponseSpecificationImpl.groovy:643)
	at org.codehaus.groovy.runtime.callsite.PogoMetaMethodSite$PogoCachedMethodSiteNoUnwrapNoCoerce.invoke(PogoMetaMethodSite.java:210)
	at org.codehaus.groovy.runtime.callsite.PogoMetaMethodSite.callCurrent(PogoMetaMethodSite.java:59)
	at org.codehaus.groovy.runtime.callsite.AbstractCallSite.callCurrent(AbstractCallSite.java:166)
	at io.restassured.internal.ResponseSpecificationImpl.statusCode(ResponseSpecificationImpl.groovy:122)
	at io.restassured.specification.ResponseSpecification$statusCode$0.callCurrent(Unknown Source)
	at io.restassured.internal.ResponseSpecificationImpl.statusCode(ResponseSpecificationImpl.groovy:130)
	at io.restassured.internal.ValidatableResponseOptionsImpl.statusCode(ValidatableResponseOptionsImpl.java:117)
	at org.waes.it.AddSideValueIT.givenAEncoded64ValueInJonBody_WhenICallItUsingAnValueWithPlusInJsonBody_ThenTheValueWithPlusIsAdded(AddSideValueIT.java:368)
... Removed 39 stack frames</pre></div><a href='#' onClick='toggleBox("stack-trace9839091", this, "Click to show all stack frames", "Click to hide stack frames")'>Click to show all stack frames</a>
<div class='stack-trace' id='stack-trace9839091'><pre>java.lang.AssertionError: 1 expectation failed.
Expected status code &lt;200&gt; but was &lt;415&gt;.

	at sun.reflect.NativeConstructorAccessorImpl.newInstance0(Native Method)
	at sun.reflect.NativeConstructorAccessorImpl.newInstance(NativeConstructorAccessorImpl.java:62)
	at sun.reflect.DelegatingConstructorAccessorImpl.newInstance(DelegatingConstructorAccessorImpl.java:45)
	at java.lang.reflect.Constructor.newInstance(Constructor.java:423)
	at org.codehaus.groovy.reflection.CachedConstructor.invoke(CachedConstructor.java:83)
	at org.codehaus.groovy.reflection.CachedConstructor.doConstructorInvoke(CachedConstructor.java:77)
	at org.codehaus.groovy.runtime.callsite.ConstructorSite$ConstructorSiteNoUnwrap.callConstructor(ConstructorSite.java:84)
	at org.codehaus.groovy.runtime.callsite.AbstractCallSite.callConstructor(AbstractCallSite.java:247)
	at io.restassured.internal.ResponseSpecificationImpl$HamcrestAssertionClosure.validate(ResponseSpecificationImpl.groovy:471)
	at io.restassured.internal.ResponseSpecificationImpl$HamcrestAssertionClosure$validate$1.call(Unknown Source)
	at io.restassured.internal.ResponseSpecificationImpl.validateResponseIfRequired(ResponseSpecificationImpl.groovy:643)
	at sun.reflect.GeneratedMethodAccessor47.invoke(Unknown Source)
	at sun.reflect.DelegatingMethodAccessorImpl.invoke(DelegatingMethodAccessorImpl.java:43)
	at java.lang.reflect.Method.invoke(Method.java:498)
	at org.codehaus.groovy.runtime.callsite.PogoMetaMethodSite$PogoCachedMethodSiteNoUnwrapNoCoerce.invoke(PogoMetaMethodSite.java:210)
	at org.codehaus.groovy.runtime.callsite.PogoMetaMethodSite.callCurrent(PogoMetaMethodSite.java:59)
	at org.codehaus.groovy.runtime.callsite.AbstractCallSite.callCurrent(AbstractCallSite.java:166)
	at io.restassured.internal.ResponseSpecificationImpl.statusCode(ResponseSpecificationImpl.groovy:122)
	at io.restassured.specification.ResponseSpecification$statusCode$0.callCurrent(Unknown Source)
	at io.restassured.internal.ResponseSpecificationImpl.statusCode(ResponseSpecificationImpl.groovy:130)
	at io.restassured.internal.ValidatableResponseOptionsImpl.statusCode(ValidatableResponseOptionsImpl.java:117)
	at org.waes.it.AddSideValueIT.givenAEncoded64ValueInJonBody_WhenICallItUsingAnValueWithPlusInJsonBody_ThenTheValueWithPlusIsAdded(AddSideValueIT.java:368)
	at sun.reflect.NativeMethodAccessorImpl.invoke0(Native Method)
	at sun.reflect.NativeMethodAccessorImpl.invoke(NativeMethodAccessorImpl.java:62)
	at sun.reflect.DelegatingMethodAccessorImpl.invoke(DelegatingMethodAccessorImpl.java:43)
	at java.lang.reflect.Method.invoke(Method.java:498)
	at org.testng.internal.MethodInvocationHelper.invokeMethod(MethodInvocationHelper.java:108)
	at org.testng.internal.Invoker.invokeMethod(Invoker.java:661)
	at org.testng.internal.Invoker.invokeTestMethod(Invoker.java:869)
	at org.testng.internal.Invoker.invokeTestMethods(Invoker.java:1193)
	at org.testng.internal.TestMethodWorker.invokeTestMethods(TestMethodWorker.java:126)
	at org.testng.internal.TestMethodWorker.run(TestMethodWorker.java:109)
	at org.testng.TestRunner.privateRun(TestRunner.java:744)
	at org.testng.TestRunner.run(TestRunner.java:602)
	at org.testng.SuiteRunner.runTest(SuiteRunner.java:380)
	at org.testng.SuiteRunner.runSequentially(SuiteRunner.java:375)
	at org.testng.SuiteRunner.privateRun(SuiteRunner.java:340)
	at org.testng.SuiteRunner.run(SuiteRunner.java:289)
	at org.testng.SuiteRunnerWorker.runSuite(SuiteRunnerWorker.java:52)
	at org.testng.SuiteRunnerWorker.run(SuiteRunnerWorker.java:86)
	at org.testng.TestNG.runSuitesSequentially(TestNG.java:1301)
	at org.testng.TestNG.runSuitesLocally(TestNG.java:1226)
	at org.testng.TestNG.runSuites(TestNG.java:1144)
	at org.testng.TestNG.run(TestNG.java:1115)
	at org.apache.maven.surefire.testng.TestNGExecutor.run(TestNGExecutor.java:135)
	at org.apache.maven.surefire.testng.TestNGDirectoryTestSuite.executeMulti(TestNGDirectoryTestSuite.java:193)
	at org.apache.maven.surefire.testng.TestNGDirectoryTestSuite.execute(TestNGDirectoryTestSuite.java:94)
	at org.apache.maven.surefire.testng.TestNGProvider.invoke(TestNGProvider.java:146)
	at org.apache.maven.surefire.booter.ForkedBooter.invokeProviderInSameClassLoader(ForkedBooter.java:383)
	at org.apache.maven.surefire.booter.ForkedBooter.runSuitesInProcess(ForkedBooter.java:344)
	at org.apache.maven.surefire.booter.ForkedBooter.execute(ForkedBooter.java:125)
	at org.apache.maven.surefire.booter.ForkedBooter.main(ForkedBooter.java:417)
</pre></div></td>
<td>0</td>
<td>org.waes.it.AddSideValueIT@1b9a3ff</td></tr>
<tr>
<td title='org.waes.it.AddSideValueIT.givenAEncoded64ValueInJonBody_WhenICallItUsingAnValueWithSlashInJsonBody_ThenTheValueWithSlashIsAdded()'><b>givenAEncoded64ValueInJonBody_WhenICallItUsingAnValueWithSlashInJsonBody_ThenTheValueWithSlashIsAdded</b><br>Test class: org.waes.it.AddSideValueIT<br>Test method: AddSideValue using a slash in the json body value.</td>
<td><div><pre>java.lang.AssertionError: 1 expectation failed.
Expected status code &lt;200&gt; but was &lt;415&gt;.

	at org.codehaus.groovy.runtime.callsite.ConstructorSite$ConstructorSiteNoUnwrap.callConstructor(ConstructorSite.java:84)
	at org.codehaus.groovy.runtime.callsite.AbstractCallSite.callConstructor(AbstractCallSite.java:247)
	at io.restassured.internal.ResponseSpecificationImpl$HamcrestAssertionClosure.validate(ResponseSpecificationImpl.groovy:471)
	at io.restassured.internal.ResponseSpecificationImpl$HamcrestAssertionClosure$validate$1.call(Unknown Source)
	at io.restassured.internal.ResponseSpecificationImpl.validateResponseIfRequired(ResponseSpecificationImpl.groovy:643)
	at org.codehaus.groovy.runtime.callsite.PogoMetaMethodSite$PogoCachedMethodSiteNoUnwrapNoCoerce.invoke(PogoMetaMethodSite.java:210)
	at org.codehaus.groovy.runtime.callsite.PogoMetaMethodSite.callCurrent(PogoMetaMethodSite.java:59)
	at org.codehaus.groovy.runtime.callsite.AbstractCallSite.callCurrent(AbstractCallSite.java:166)
	at io.restassured.internal.ResponseSpecificationImpl.statusCode(ResponseSpecificationImpl.groovy:122)
	at io.restassured.specification.ResponseSpecification$statusCode$0.callCurrent(Unknown Source)
	at io.restassured.internal.ResponseSpecificationImpl.statusCode(ResponseSpecificationImpl.groovy:130)
	at io.restassured.internal.ValidatableResponseOptionsImpl.statusCode(ValidatableResponseOptionsImpl.java:117)
	at org.waes.it.AddSideValueIT.givenAEncoded64ValueInJonBody_WhenICallItUsingAnValueWithSlashInJsonBody_ThenTheValueWithSlashIsAdded(AddSideValueIT.java:344)
... Removed 39 stack frames</pre></div><a href='#' onClick='toggleBox("stack-trace1569744", this, "Click to show all stack frames", "Click to hide stack frames")'>Click to show all stack frames</a>
<div class='stack-trace' id='stack-trace1569744'><pre>java.lang.AssertionError: 1 expectation failed.
Expected status code &lt;200&gt; but was &lt;415&gt;.

	at sun.reflect.NativeConstructorAccessorImpl.newInstance0(Native Method)
	at sun.reflect.NativeConstructorAccessorImpl.newInstance(NativeConstructorAccessorImpl.java:62)
	at sun.reflect.DelegatingConstructorAccessorImpl.newInstance(DelegatingConstructorAccessorImpl.java:45)
	at java.lang.reflect.Constructor.newInstance(Constructor.java:423)
	at org.codehaus.groovy.reflection.CachedConstructor.invoke(CachedConstructor.java:83)
	at org.codehaus.groovy.reflection.CachedConstructor.doConstructorInvoke(CachedConstructor.java:77)
	at org.codehaus.groovy.runtime.callsite.ConstructorSite$ConstructorSiteNoUnwrap.callConstructor(ConstructorSite.java:84)
	at org.codehaus.groovy.runtime.callsite.AbstractCallSite.callConstructor(AbstractCallSite.java:247)
	at io.restassured.internal.ResponseSpecificationImpl$HamcrestAssertionClosure.validate(ResponseSpecificationImpl.groovy:471)
	at io.restassured.internal.ResponseSpecificationImpl$HamcrestAssertionClosure$validate$1.call(Unknown Source)
	at io.restassured.internal.ResponseSpecificationImpl.validateResponseIfRequired(ResponseSpecificationImpl.groovy:643)
	at sun.reflect.GeneratedMethodAccessor47.invoke(Unknown Source)
	at sun.reflect.DelegatingMethodAccessorImpl.invoke(DelegatingMethodAccessorImpl.java:43)
	at java.lang.reflect.Method.invoke(Method.java:498)
	at org.codehaus.groovy.runtime.callsite.PogoMetaMethodSite$PogoCachedMethodSiteNoUnwrapNoCoerce.invoke(PogoMetaMethodSite.java:210)
	at org.codehaus.groovy.runtime.callsite.PogoMetaMethodSite.callCurrent(PogoMetaMethodSite.java:59)
	at org.codehaus.groovy.runtime.callsite.AbstractCallSite.callCurrent(AbstractCallSite.java:166)
	at io.restassured.internal.ResponseSpecificationImpl.statusCode(ResponseSpecificationImpl.groovy:122)
	at io.restassured.specification.ResponseSpecification$statusCode$0.callCurrent(Unknown Source)
	at io.restassured.internal.ResponseSpecificationImpl.statusCode(ResponseSpecificationImpl.groovy:130)
	at io.restassured.internal.ValidatableResponseOptionsImpl.statusCode(ValidatableResponseOptionsImpl.java:117)
	at org.waes.it.AddSideValueIT.givenAEncoded64ValueInJonBody_WhenICallItUsingAnValueWithSlashInJsonBody_ThenTheValueWithSlashIsAdded(AddSideValueIT.java:344)
	at sun.reflect.NativeMethodAccessorImpl.invoke0(Native Method)
	at sun.reflect.NativeMethodAccessorImpl.invoke(NativeMethodAccessorImpl.java:62)
	at sun.reflect.DelegatingMethodAccessorImpl.invoke(DelegatingMethodAccessorImpl.java:43)
	at java.lang.reflect.Method.invoke(Method.java:498)
	at org.testng.internal.MethodInvocationHelper.invokeMethod(MethodInvocationHelper.java:108)
	at org.testng.internal.Invoker.invokeMethod(Invoker.java:661)
	at org.testng.internal.Invoker.invokeTestMethod(Invoker.java:869)
	at org.testng.internal.Invoker.invokeTestMethods(Invoker.java:1193)
	at org.testng.internal.TestMethodWorker.invokeTestMethods(TestMethodWorker.java:126)
	at org.testng.internal.TestMethodWorker.run(TestMethodWorker.java:109)
	at org.testng.TestRunner.privateRun(TestRunner.java:744)
	at org.testng.TestRunner.run(TestRunner.java:602)
	at org.testng.SuiteRunner.runTest(SuiteRunner.java:380)
	at org.testng.SuiteRunner.runSequentially(SuiteRunner.java:375)
	at org.testng.SuiteRunner.privateRun(SuiteRunner.java:340)
	at org.testng.SuiteRunner.run(SuiteRunner.java:289)
	at org.testng.SuiteRunnerWorker.runSuite(SuiteRunnerWorker.java:52)
	at org.testng.SuiteRunnerWorker.run(SuiteRunnerWorker.java:86)
	at org.testng.TestNG.runSuitesSequentially(TestNG.java:1301)
	at org.testng.TestNG.runSuitesLocally(TestNG.java:1226)
	at org.testng.TestNG.runSuites(TestNG.java:1144)
	at org.testng.TestNG.run(TestNG.java:1115)
	at org.apache.maven.surefire.testng.TestNGExecutor.run(TestNGExecutor.java:135)
	at org.apache.maven.surefire.testng.TestNGDirectoryTestSuite.executeMulti(TestNGDirectoryTestSuite.java:193)
	at org.apache.maven.surefire.testng.TestNGDirectoryTestSuite.execute(TestNGDirectoryTestSuite.java:94)
	at org.apache.maven.surefire.testng.TestNGProvider.invoke(TestNGProvider.java:146)
	at org.apache.maven.surefire.booter.ForkedBooter.invokeProviderInSameClassLoader(ForkedBooter.java:383)
	at org.apache.maven.surefire.booter.ForkedBooter.runSuitesInProcess(ForkedBooter.java:344)
	at org.apache.maven.surefire.booter.ForkedBooter.execute(ForkedBooter.java:125)
	at org.apache.maven.surefire.booter.ForkedBooter.main(ForkedBooter.java:417)
</pre></div></td>
<td>0</td>
<td>org.waes.it.AddSideValueIT@1b9a3ff</td></tr>
<tr>
<td title='org.waes.it.AddSideValueIT.givenAEncoded64ValueInJonBody_WhenICallItUsingPaddingInJsonBodyValue_ThenThePaddedValueIsAdded()'><b>givenAEncoded64ValueInJonBody_WhenICallItUsingPaddingInJsonBodyValue_ThenThePaddedValueIsAdded</b><br>Test class: org.waes.it.AddSideValueIT<br>Test method: AddSideValue - Using a padded value in the json body.</td>
<td><div><pre>java.lang.AssertionError: 1 expectation failed.
Expected status code &lt;200&gt; but was &lt;415&gt;.

	at org.codehaus.groovy.runtime.callsite.ConstructorSite$ConstructorSiteNoUnwrap.callConstructor(ConstructorSite.java:84)
	at org.codehaus.groovy.runtime.callsite.AbstractCallSite.callConstructor(AbstractCallSite.java:247)
	at io.restassured.internal.ResponseSpecificationImpl$HamcrestAssertionClosure.validate(ResponseSpecificationImpl.groovy:471)
	at io.restassured.internal.ResponseSpecificationImpl$HamcrestAssertionClosure$validate$1.call(Unknown Source)
	at io.restassured.internal.ResponseSpecificationImpl.validateResponseIfRequired(ResponseSpecificationImpl.groovy:643)
	at org.codehaus.groovy.runtime.callsite.PogoMetaMethodSite$PogoCachedMethodSiteNoUnwrapNoCoerce.invoke(PogoMetaMethodSite.java:210)
	at org.codehaus.groovy.runtime.callsite.PogoMetaMethodSite.callCurrent(PogoMetaMethodSite.java:59)
	at org.codehaus.groovy.runtime.callsite.AbstractCallSite.callCurrent(AbstractCallSite.java:166)
	at io.restassured.internal.ResponseSpecificationImpl.statusCode(ResponseSpecificationImpl.groovy:122)
	at io.restassured.specification.ResponseSpecification$statusCode$0.callCurrent(Unknown Source)
	at io.restassured.internal.ResponseSpecificationImpl.statusCode(ResponseSpecificationImpl.groovy:130)
	at io.restassured.internal.ValidatableResponseOptionsImpl.statusCode(ValidatableResponseOptionsImpl.java:117)
	at org.waes.it.AddSideValueIT.givenAEncoded64ValueInJonBody_WhenICallItUsingPaddingInJsonBodyValue_ThenThePaddedValueIsAdded(AddSideValueIT.java:320)
... Removed 39 stack frames</pre></div><a href='#' onClick='toggleBox("stack-trace25782704", this, "Click to show all stack frames", "Click to hide stack frames")'>Click to show all stack frames</a>
<div class='stack-trace' id='stack-trace25782704'><pre>java.lang.AssertionError: 1 expectation failed.
Expected status code &lt;200&gt; but was &lt;415&gt;.

	at sun.reflect.NativeConstructorAccessorImpl.newInstance0(Native Method)
	at sun.reflect.NativeConstructorAccessorImpl.newInstance(NativeConstructorAccessorImpl.java:62)
	at sun.reflect.DelegatingConstructorAccessorImpl.newInstance(DelegatingConstructorAccessorImpl.java:45)
	at java.lang.reflect.Constructor.newInstance(Constructor.java:423)
	at org.codehaus.groovy.reflection.CachedConstructor.invoke(CachedConstructor.java:83)
	at org.codehaus.groovy.reflection.CachedConstructor.doConstructorInvoke(CachedConstructor.java:77)
	at org.codehaus.groovy.runtime.callsite.ConstructorSite$ConstructorSiteNoUnwrap.callConstructor(ConstructorSite.java:84)
	at org.codehaus.groovy.runtime.callsite.AbstractCallSite.callConstructor(AbstractCallSite.java:247)
	at io.restassured.internal.ResponseSpecificationImpl$HamcrestAssertionClosure.validate(ResponseSpecificationImpl.groovy:471)
	at io.restassured.internal.ResponseSpecificationImpl$HamcrestAssertionClosure$validate$1.call(Unknown Source)
	at io.restassured.internal.ResponseSpecificationImpl.validateResponseIfRequired(ResponseSpecificationImpl.groovy:643)
	at sun.reflect.GeneratedMethodAccessor47.invoke(Unknown Source)
	at sun.reflect.DelegatingMethodAccessorImpl.invoke(DelegatingMethodAccessorImpl.java:43)
	at java.lang.reflect.Method.invoke(Method.java:498)
	at org.codehaus.groovy.runtime.callsite.PogoMetaMethodSite$PogoCachedMethodSiteNoUnwrapNoCoerce.invoke(PogoMetaMethodSite.java:210)
	at org.codehaus.groovy.runtime.callsite.PogoMetaMethodSite.callCurrent(PogoMetaMethodSite.java:59)
	at org.codehaus.groovy.runtime.callsite.AbstractCallSite.callCurrent(AbstractCallSite.java:166)
	at io.restassured.internal.ResponseSpecificationImpl.statusCode(ResponseSpecificationImpl.groovy:122)
	at io.restassured.specification.ResponseSpecification$statusCode$0.callCurrent(Unknown Source)
	at io.restassured.internal.ResponseSpecificationImpl.statusCode(ResponseSpecificationImpl.groovy:130)
	at io.restassured.internal.ValidatableResponseOptionsImpl.statusCode(ValidatableResponseOptionsImpl.java:117)
	at org.waes.it.AddSideValueIT.givenAEncoded64ValueInJonBody_WhenICallItUsingPaddingInJsonBodyValue_ThenThePaddedValueIsAdded(AddSideValueIT.java:320)
	at sun.reflect.NativeMethodAccessorImpl.invoke0(Native Method)
	at sun.reflect.NativeMethodAccessorImpl.invoke(NativeMethodAccessorImpl.java:62)
	at sun.reflect.DelegatingMethodAccessorImpl.invoke(DelegatingMethodAccessorImpl.java:43)
	at java.lang.reflect.Method.invoke(Method.java:498)
	at org.testng.internal.MethodInvocationHelper.invokeMethod(MethodInvocationHelper.java:108)
	at org.testng.internal.Invoker.invokeMethod(Invoker.java:661)
	at org.testng.internal.Invoker.invokeTestMethod(Invoker.java:869)
	at org.testng.internal.Invoker.invokeTestMethods(Invoker.java:1193)
	at org.testng.internal.TestMethodWorker.invokeTestMethods(TestMethodWorker.java:126)
	at org.testng.internal.TestMethodWorker.run(TestMethodWorker.java:109)
	at org.testng.TestRunner.privateRun(TestRunner.java:744)
	at org.testng.TestRunner.run(TestRunner.java:602)
	at org.testng.SuiteRunner.runTest(SuiteRunner.java:380)
	at org.testng.SuiteRunner.runSequentially(SuiteRunner.java:375)
	at org.testng.SuiteRunner.privateRun(SuiteRunner.java:340)
	at org.testng.SuiteRunner.run(SuiteRunner.java:289)
	at org.testng.SuiteRunnerWorker.runSuite(SuiteRunnerWorker.java:52)
	at org.testng.SuiteRunnerWorker.run(SuiteRunnerWorker.java:86)
	at org.testng.TestNG.runSuitesSequentially(TestNG.java:1301)
	at org.testng.TestNG.runSuitesLocally(TestNG.java:1226)
	at org.testng.TestNG.runSuites(TestNG.java:1144)
	at org.testng.TestNG.run(TestNG.java:1115)
	at org.apache.maven.surefire.testng.TestNGExecutor.run(TestNGExecutor.java:135)
	at org.apache.maven.surefire.testng.TestNGDirectoryTestSuite.executeMulti(TestNGDirectoryTestSuite.java:193)
	at org.apache.maven.surefire.testng.TestNGDirectoryTestSuite.execute(TestNGDirectoryTestSuite.java:94)
	at org.apache.maven.surefire.testng.TestNGProvider.invoke(TestNGProvider.java:146)
	at org.apache.maven.surefire.booter.ForkedBooter.invokeProviderInSameClassLoader(ForkedBooter.java:383)
	at org.apache.maven.surefire.booter.ForkedBooter.runSuitesInProcess(ForkedBooter.java:344)
	at org.apache.maven.surefire.booter.ForkedBooter.execute(ForkedBooter.java:125)
	at org.apache.maven.surefire.booter.ForkedBooter.main(ForkedBooter.java:417)
</pre></div></td>
<td>0</td>
<td>org.waes.it.AddSideValueIT@1b9a3ff</td></tr>
<tr>
<td title='org.waes.it.ValidateDiffIT.givenRightSideDontHaveData_WhenValidateDiffIsCalled_ThenTypeIsDifferentLengthAndRightSideContainsNoValue()'><b>givenRightSideDontHaveData_WhenValidateDiffIsCalled_ThenTypeIsDifferentLengthAndRightSideContainsNoValue</b><br>Test class: org.waes.it.ValidateDiffIT<br>Test method: ValidateDiff - When the right side don't have data.</td>
<td><div><pre>java.lang.AssertionError: 1 expectation failed.
Expected status code &lt;200&gt; but was &lt;204&gt;.

	at org.codehaus.groovy.runtime.callsite.ConstructorSite$ConstructorSiteNoUnwrap.callConstructor(ConstructorSite.java:84)
	at org.codehaus.groovy.runtime.callsite.AbstractCallSite.callConstructor(AbstractCallSite.java:247)
	at io.restassured.internal.ResponseSpecificationImpl$HamcrestAssertionClosure.validate(ResponseSpecificationImpl.groovy:471)
	at io.restassured.internal.ResponseSpecificationImpl$HamcrestAssertionClosure$validate$1.call(Unknown Source)
	at io.restassured.internal.ResponseSpecificationImpl.validateResponseIfRequired(ResponseSpecificationImpl.groovy:643)
	at org.codehaus.groovy.runtime.callsite.PogoMetaMethodSite$PogoCachedMethodSiteNoUnwrapNoCoerce.invoke(PogoMetaMethodSite.java:210)
	at org.codehaus.groovy.runtime.callsite.PogoMetaMethodSite.callCurrent(PogoMetaMethodSite.java:59)
	at org.codehaus.groovy.runtime.callsite.AbstractCallSite.callCurrent(AbstractCallSite.java:166)
	at io.restassured.internal.ResponseSpecificationImpl.statusCode(ResponseSpecificationImpl.groovy:122)
	at io.restassured.specification.ResponseSpecification$statusCode$0.callCurrent(Unknown Source)
	at io.restassured.internal.ResponseSpecificationImpl.statusCode(ResponseSpecificationImpl.groovy:130)
	at io.restassured.internal.ValidatableResponseOptionsImpl.statusCode(ValidatableResponseOptionsImpl.java:117)
	at org.waes.it.ValidateDiffIT.givenRightSideDontHaveData_WhenValidateDiffIsCalled_ThenTypeIsDifferentLengthAndRightSideContainsNoValue(ValidateDiffIT.java:69)
... Removed 39 stack frames</pre></div><a href='#' onClick='toggleBox("stack-trace7800123", this, "Click to show all stack frames", "Click to hide stack frames")'>Click to show all stack frames</a>
<div class='stack-trace' id='stack-trace7800123'><pre>java.lang.AssertionError: 1 expectation failed.
Expected status code &lt;200&gt; but was &lt;204&gt;.

	at sun.reflect.NativeConstructorAccessorImpl.newInstance0(Native Method)
	at sun.reflect.NativeConstructorAccessorImpl.newInstance(NativeConstructorAccessorImpl.java:62)
	at sun.reflect.DelegatingConstructorAccessorImpl.newInstance(DelegatingConstructorAccessorImpl.java:45)
	at java.lang.reflect.Constructor.newInstance(Constructor.java:423)
	at org.codehaus.groovy.reflection.CachedConstructor.invoke(CachedConstructor.java:83)
	at org.codehaus.groovy.reflection.CachedConstructor.doConstructorInvoke(CachedConstructor.java:77)
	at org.codehaus.groovy.runtime.callsite.ConstructorSite$ConstructorSiteNoUnwrap.callConstructor(ConstructorSite.java:84)
	at org.codehaus.groovy.runtime.callsite.AbstractCallSite.callConstructor(AbstractCallSite.java:247)
	at io.restassured.internal.ResponseSpecificationImpl$HamcrestAssertionClosure.validate(ResponseSpecificationImpl.groovy:471)
	at io.restassured.internal.ResponseSpecificationImpl$HamcrestAssertionClosure$validate$1.call(Unknown Source)
	at io.restassured.internal.ResponseSpecificationImpl.validateResponseIfRequired(ResponseSpecificationImpl.groovy:643)
	at sun.reflect.GeneratedMethodAccessor47.invoke(Unknown Source)
	at sun.reflect.DelegatingMethodAccessorImpl.invoke(DelegatingMethodAccessorImpl.java:43)
	at java.lang.reflect.Method.invoke(Method.java:498)
	at org.codehaus.groovy.runtime.callsite.PogoMetaMethodSite$PogoCachedMethodSiteNoUnwrapNoCoerce.invoke(PogoMetaMethodSite.java:210)
	at org.codehaus.groovy.runtime.callsite.PogoMetaMethodSite.callCurrent(PogoMetaMethodSite.java:59)
	at org.codehaus.groovy.runtime.callsite.AbstractCallSite.callCurrent(AbstractCallSite.java:166)
	at io.restassured.internal.ResponseSpecificationImpl.statusCode(ResponseSpecificationImpl.groovy:122)
	at io.restassured.specification.ResponseSpecification$statusCode$0.callCurrent(Unknown Source)
	at io.restassured.internal.ResponseSpecificationImpl.statusCode(ResponseSpecificationImpl.groovy:130)
	at io.restassured.internal.ValidatableResponseOptionsImpl.statusCode(ValidatableResponseOptionsImpl.java:117)
	at org.waes.it.ValidateDiffIT.givenRightSideDontHaveData_WhenValidateDiffIsCalled_ThenTypeIsDifferentLengthAndRightSideContainsNoValue(ValidateDiffIT.java:69)
	at sun.reflect.NativeMethodAccessorImpl.invoke0(Native Method)
	at sun.reflect.NativeMethodAccessorImpl.invoke(NativeMethodAccessorImpl.java:62)
	at sun.reflect.DelegatingMethodAccessorImpl.invoke(DelegatingMethodAccessorImpl.java:43)
	at java.lang.reflect.Method.invoke(Method.java:498)
	at org.testng.internal.MethodInvocationHelper.invokeMethod(MethodInvocationHelper.java:108)
	at org.testng.internal.Invoker.invokeMethod(Invoker.java:661)
	at org.testng.internal.Invoker.invokeTestMethod(Invoker.java:869)
	at org.testng.internal.Invoker.invokeTestMethods(Invoker.java:1193)
	at org.testng.internal.TestMethodWorker.invokeTestMethods(TestMethodWorker.java:126)
	at org.testng.internal.TestMethodWorker.run(TestMethodWorker.java:109)
	at org.testng.TestRunner.privateRun(TestRunner.java:744)
	at org.testng.TestRunner.run(TestRunner.java:602)
	at org.testng.SuiteRunner.runTest(SuiteRunner.java:380)
	at org.testng.SuiteRunner.runSequentially(SuiteRunner.java:375)
	at org.testng.SuiteRunner.privateRun(SuiteRunner.java:340)
	at org.testng.SuiteRunner.run(SuiteRunner.java:289)
	at org.testng.SuiteRunnerWorker.runSuite(SuiteRunnerWorker.java:52)
	at org.testng.SuiteRunnerWorker.run(SuiteRunnerWorker.java:86)
	at org.testng.TestNG.runSuitesSequentially(TestNG.java:1301)
	at org.testng.TestNG.runSuitesLocally(TestNG.java:1226)
	at org.testng.TestNG.runSuites(TestNG.java:1144)
	at org.testng.TestNG.run(TestNG.java:1115)
	at org.apache.maven.surefire.testng.TestNGExecutor.run(TestNGExecutor.java:135)
	at org.apache.maven.surefire.testng.TestNGDirectoryTestSuite.executeMulti(TestNGDirectoryTestSuite.java:193)
	at org.apache.maven.surefire.testng.TestNGDirectoryTestSuite.execute(TestNGDirectoryTestSuite.java:94)
	at org.apache.maven.surefire.testng.TestNGProvider.invoke(TestNGProvider.java:146)
	at org.apache.maven.surefire.booter.ForkedBooter.invokeProviderInSameClassLoader(ForkedBooter.java:383)
	at org.apache.maven.surefire.booter.ForkedBooter.runSuitesInProcess(ForkedBooter.java:344)
	at org.apache.maven.surefire.booter.ForkedBooter.execute(ForkedBooter.java:125)
	at org.apache.maven.surefire.booter.ForkedBooter.main(ForkedBooter.java:417)
</pre></div></td>
<td>0</td>
<td>org.waes.it.ValidateDiffIT@3b36e0</td></tr>
<tr>
<td title='org.waes.it.ValidateDiffIT.givenRightSideHasAEmptyString_WhenValidateDiffIsCalled_ThenStatusCodeIs200AndTypeIsDifferentLength()'><b>givenRightSideHasAEmptyString_WhenValidateDiffIsCalled_ThenStatusCodeIs200AndTypeIsDifferentLength</b><br>Test class: org.waes.it.ValidateDiffIT<br>Test method: ValidateDiff - When right side has a empty string and right side has a string.</td>
<td><div><pre>java.lang.AssertionError: 1 expectation failed.
JSON path right doesn&apos;t match.
Expected: W43s
  Actual: 

	at org.codehaus.groovy.runtime.callsite.ConstructorSite$ConstructorSiteNoUnwrap.callConstructor(ConstructorSite.java:84)
	at org.codehaus.groovy.runtime.callsite.AbstractCallSite.callConstructor(AbstractCallSite.java:247)
	at io.restassured.internal.ResponseSpecificationImpl$HamcrestAssertionClosure.validate(ResponseSpecificationImpl.groovy:471)
	at io.restassured.internal.ResponseSpecificationImpl$HamcrestAssertionClosure$validate$1.call(Unknown Source)
	at io.restassured.internal.ResponseSpecificationImpl.validateResponseIfRequired(ResponseSpecificationImpl.groovy:643)
	at org.codehaus.groovy.runtime.callsite.PogoMetaMethodSite$PogoCachedMethodSiteNoUnwrapNoCoerce.invoke(PogoMetaMethodSite.java:210)
	at org.codehaus.groovy.runtime.callsite.PogoMetaMethodSite.callCurrent(PogoMetaMethodSite.java:59)
	at org.codehaus.groovy.runtime.callsite.AbstractCallSite.callCurrent(AbstractCallSite.java:166)
	at io.restassured.internal.ResponseSpecificationImpl.content(ResponseSpecificationImpl.groovy:265)
	at io.restassured.specification.ResponseSpecification$content$1.callCurrent(Unknown Source)
	at io.restassured.internal.ResponseSpecificationImpl.body(ResponseSpecificationImpl.groovy:248)
	at io.restassured.internal.ValidatableResponseOptionsImpl.body(ValidatableResponseOptionsImpl.java:268)
	at org.waes.it.ValidateDiffIT.givenRightSideHasAEmptyString_WhenValidateDiffIsCalled_ThenStatusCodeIs200AndTypeIsDifferentLength(ValidateDiffIT.java:339)
... Removed 39 stack frames</pre></div><a href='#' onClick='toggleBox("stack-trace15709633", this, "Click to show all stack frames", "Click to hide stack frames")'>Click to show all stack frames</a>
<div class='stack-trace' id='stack-trace15709633'><pre>java.lang.AssertionError: 1 expectation failed.
JSON path right doesn&apos;t match.
Expected: W43s
  Actual: 

	at sun.reflect.NativeConstructorAccessorImpl.newInstance0(Native Method)
	at sun.reflect.NativeConstructorAccessorImpl.newInstance(NativeConstructorAccessorImpl.java:62)
	at sun.reflect.DelegatingConstructorAccessorImpl.newInstance(DelegatingConstructorAccessorImpl.java:45)
	at java.lang.reflect.Constructor.newInstance(Constructor.java:423)
	at org.codehaus.groovy.reflection.CachedConstructor.invoke(CachedConstructor.java:83)
	at org.codehaus.groovy.reflection.CachedConstructor.doConstructorInvoke(CachedConstructor.java:77)
	at org.codehaus.groovy.runtime.callsite.ConstructorSite$ConstructorSiteNoUnwrap.callConstructor(ConstructorSite.java:84)
	at org.codehaus.groovy.runtime.callsite.AbstractCallSite.callConstructor(AbstractCallSite.java:247)
	at io.restassured.internal.ResponseSpecificationImpl$HamcrestAssertionClosure.validate(ResponseSpecificationImpl.groovy:471)
	at io.restassured.internal.ResponseSpecificationImpl$HamcrestAssertionClosure$validate$1.call(Unknown Source)
	at io.restassured.internal.ResponseSpecificationImpl.validateResponseIfRequired(ResponseSpecificationImpl.groovy:643)
	at sun.reflect.GeneratedMethodAccessor47.invoke(Unknown Source)
	at sun.reflect.DelegatingMethodAccessorImpl.invoke(DelegatingMethodAccessorImpl.java:43)
	at java.lang.reflect.Method.invoke(Method.java:498)
	at org.codehaus.groovy.runtime.callsite.PogoMetaMethodSite$PogoCachedMethodSiteNoUnwrapNoCoerce.invoke(PogoMetaMethodSite.java:210)
	at org.codehaus.groovy.runtime.callsite.PogoMetaMethodSite.callCurrent(PogoMetaMethodSite.java:59)
	at org.codehaus.groovy.runtime.callsite.AbstractCallSite.callCurrent(AbstractCallSite.java:166)
	at io.restassured.internal.ResponseSpecificationImpl.content(ResponseSpecificationImpl.groovy:265)
	at io.restassured.specification.ResponseSpecification$content$1.callCurrent(Unknown Source)
	at io.restassured.internal.ResponseSpecificationImpl.body(ResponseSpecificationImpl.groovy:248)
	at io.restassured.internal.ValidatableResponseOptionsImpl.body(ValidatableResponseOptionsImpl.java:268)
	at org.waes.it.ValidateDiffIT.givenRightSideHasAEmptyString_WhenValidateDiffIsCalled_ThenStatusCodeIs200AndTypeIsDifferentLength(ValidateDiffIT.java:339)
	at sun.reflect.NativeMethodAccessorImpl.invoke0(Native Method)
	at sun.reflect.NativeMethodAccessorImpl.invoke(NativeMethodAccessorImpl.java:62)
	at sun.reflect.DelegatingMethodAccessorImpl.invoke(DelegatingMethodAccessorImpl.java:43)
	at java.lang.reflect.Method.invoke(Method.java:498)
	at org.testng.internal.MethodInvocationHelper.invokeMethod(MethodInvocationHelper.java:108)
	at org.testng.internal.Invoker.invokeMethod(Invoker.java:661)
	at org.testng.internal.Invoker.invokeTestMethod(Invoker.java:869)
	at org.testng.internal.Invoker.invokeTestMethods(Invoker.java:1193)
	at org.testng.internal.TestMethodWorker.invokeTestMethods(TestMethodWorker.java:126)
	at org.testng.internal.TestMethodWorker.run(TestMethodWorker.java:109)
	at org.testng.TestRunner.privateRun(TestRunner.java:744)
	at org.testng.TestRunner.run(TestRunner.java:602)
	at org.testng.SuiteRunner.runTest(SuiteRunner.java:380)
	at org.testng.SuiteRunner.runSequentially(SuiteRunner.java:375)
	at org.testng.SuiteRunner.privateRun(SuiteRunner.java:340)
	at org.testng.SuiteRunner.run(SuiteRunner.java:289)
	at org.testng.SuiteRunnerWorker.runSuite(SuiteRunnerWorker.java:52)
	at org.testng.SuiteRunnerWorker.run(SuiteRunnerWorker.java:86)
	at org.testng.TestNG.runSuitesSequentially(TestNG.java:1301)
	at org.testng.TestNG.runSuitesLocally(TestNG.java:1226)
	at org.testng.TestNG.runSuites(TestNG.java:1144)
	at org.testng.TestNG.run(TestNG.java:1115)
	at org.apache.maven.surefire.testng.TestNGExecutor.run(TestNGExecutor.java:135)
	at org.apache.maven.surefire.testng.TestNGDirectoryTestSuite.executeMulti(TestNGDirectoryTestSuite.java:193)
	at org.apache.maven.surefire.testng.TestNGDirectoryTestSuite.execute(TestNGDirectoryTestSuite.java:94)
	at org.apache.maven.surefire.testng.TestNGProvider.invoke(TestNGProvider.java:146)
	at org.apache.maven.surefire.booter.ForkedBooter.invokeProviderInSameClassLoader(ForkedBooter.java:383)
	at org.apache.maven.surefire.booter.ForkedBooter.runSuitesInProcess(ForkedBooter.java:344)
	at org.apache.maven.surefire.booter.ForkedBooter.execute(ForkedBooter.java:125)
	at org.apache.maven.surefire.booter.ForkedBooter.main(ForkedBooter.java:417)
</pre></div></td>
<td>0</td>
<td>org.waes.it.ValidateDiffIT@3b36e0</td></tr>
</table><p>
<table width='100%' border='1' class='invocation-passed'>
<tr><td colspan='4' align='center'><b>PASSED TESTS</b></td></tr>
<tr><td><b>Test method</b></td>
<td width="30%"><b>Exception</b></td>
<td width="10%"><b>Time (seconds)</b></td>
<td><b>Instance</b></td>
</tr>
<tr>
<td title='org.waes.it.AddSideValueIT.givenAEncoded64ValueInJonBody_WhenIAddItToAInvalidSide_ThenTheStatusCodeIsNotImplemented()'><b>givenAEncoded64ValueInJonBody_WhenIAddItToAInvalidSide_ThenTheStatusCodeIsNotImplemented</b><br>Test class: org.waes.it.AddSideValueIT<br>Test method: AddSideValue - Adding a base64 encoded value to an invalid side.</td>
<td></td>
<td>2</td>
<td>org.waes.it.AddSideValueIT@1b9a3ff</td></tr>
<tr>
<td title='org.waes.it.AddSideValueIT.givenAEncoded64ValueInJonBody_WhenIAddItToLeftSide_ThenAddedValueReturnsInLeftSide()'><b>givenAEncoded64ValueInJonBody_WhenIAddItToLeftSide_ThenAddedValueReturnsInLeftSide</b><br>Test class: org.waes.it.AddSideValueIT<br>Test method: AddSideValue - Adding a base64 encoded value to left side.</td>
<td></td>
<td>0</td>
<td>org.waes.it.AddSideValueIT@1b9a3ff</td></tr>
<tr>
<td title='org.waes.it.AddSideValueIT.givenAEncoded64ValueInJonBody_WhenIAddItToRightSide_ThenAddedValueReturnsInRightSide()'><b>givenAEncoded64ValueInJonBody_WhenIAddItToRightSide_ThenAddedValueReturnsInRightSide</b><br>Test class: org.waes.it.AddSideValueIT<br>Test method: AddSideValue - Adding a base64 encoded value to right side.</td>
<td></td>
<td>0</td>
<td>org.waes.it.AddSideValueIT@1b9a3ff</td></tr>
<tr>
<td title='org.waes.it.AddSideValueIT.givenAEncoded64ValueInJonBody_WhenICallItUsingAIdThatExceedsLongLimit_ThenTheStatusCodeIsNotFound()'><b>givenAEncoded64ValueInJonBody_WhenICallItUsingAIdThatExceedsLongLimit_ThenTheStatusCodeIsNotFound</b><br>Test class: org.waes.it.AddSideValueIT<br>Test method: AddSideValueIT - Using a ID that exceeds long maximum limit.</td>
<td></td>
<td>0</td>
<td>org.waes.it.AddSideValueIT@1b9a3ff</td></tr>
<tr>
<td title='org.waes.it.AddSideValueIT.givenAEncoded64ValueInJonBody_WhenICallItUsingAIdThatExceedsLongNegativeLimit_ThenTheStatusCodeIsNotFound()'><b>givenAEncoded64ValueInJonBody_WhenICallItUsingAIdThatExceedsLongNegativeLimit_ThenTheStatusCodeIsNotFound</b><br>Test class: org.waes.it.AddSideValueIT<br>Test method: AddSideValueIT - Using a ID that exceeds long maximum limit.</td>
<td></td>
<td>0</td>
<td>org.waes.it.AddSideValueIT@1b9a3ff</td></tr>
<tr>
<td title='org.waes.it.AddSideValueIT.givenAEncoded64ValueInJonBody_WhenICallItUsingAValueThatIsNotInStringFormat_ThenTheStatusCodeIsUnsupportedMediaType()'><b>givenAEncoded64ValueInJonBody_WhenICallItUsingAValueThatIsNotInStringFormat_ThenTheStatusCodeIsUnsupportedMediaType</b><br>Test class: org.waes.it.AddSideValueIT<br>Test method: AddSideValue - Using a value that is not in string format</td>
<td></td>
<td>0</td>
<td>org.waes.it.AddSideValueIT@1b9a3ff</td></tr>
<tr>
<td title='org.waes.it.AddSideValueIT.givenAEncoded64ValueInJonBody_WhenICallItUsingAnEmptyStringInJsonBody_ThenTheEmptyStringIsAdded()'><b>givenAEncoded64ValueInJonBody_WhenICallItUsingAnEmptyStringInJsonBody_ThenTheEmptyStringIsAdded</b><br>Test class: org.waes.it.AddSideValueIT<br>Test method: AddSideValue - Using an empty string in the json body</td>
<td></td>
<td>0</td>
<td>org.waes.it.AddSideValueIT@1b9a3ff</td></tr>
<tr>
<td title='org.waes.it.AddSideValueIT.givenAEncoded64ValueInJonBody_WhenICallItUsingAnValueThatIsLessThan4CharsInJsonBody_ThenTheStatusCodeIsUnsupportedMediaType()'><b>givenAEncoded64ValueInJonBody_WhenICallItUsingAnValueThatIsLessThan4CharsInJsonBody_ThenTheStatusCodeIsUnsupportedMediaType</b><br>Test class: org.waes.it.AddSideValueIT<br>Test method: AddSideValue - Using a string that contains less than 4 chars</td>
<td></td>
<td>0</td>
<td>org.waes.it.AddSideValueIT@1b9a3ff</td></tr>
<tr>
<td title='org.waes.it.AddSideValueIT.givenAEncoded64ValueInJonBody_WhenICallItUsingCharAsId_ThenTheStatusCodeIsNotFound()'><b>givenAEncoded64ValueInJonBody_WhenICallItUsingCharAsId_ThenTheStatusCodeIsNotFound</b><br>Test class: org.waes.it.AddSideValueIT<br>Test method: AddSideValue - Using a CHAR as ID.</td>
<td></td>
<td>0</td>
<td>org.waes.it.AddSideValueIT@1b9a3ff</td></tr>
<tr>
<td title='org.waes.it.AddSideValueIT.givenAEncoded64ValueInJonBody_WhenICallItUsingDoubleAsId_ThenTheStatusCodeIsNotFound()'><b>givenAEncoded64ValueInJonBody_WhenICallItUsingDoubleAsId_ThenTheStatusCodeIsNotFound</b><br>Test class: org.waes.it.AddSideValueIT<br>Test method: AddSideValue - Using a DOUBLE as ID</td>
<td></td>
<td>0</td>
<td>org.waes.it.AddSideValueIT@1b9a3ff</td></tr>
<tr>
<td title='org.waes.it.AddSideValueIT.givenAEncoded64ValueInJonBody_WhenICallItUsingNegativeNumberAsId_ThenAddedValueReturnsInLeftSide()'><b>givenAEncoded64ValueInJonBody_WhenICallItUsingNegativeNumberAsId_ThenAddedValueReturnsInLeftSide</b><br>Test class: org.waes.it.AddSideValueIT<br>Test method: AddSideValue - Using a negative number as ID</td>
<td></td>
<td>0</td>
<td>org.waes.it.AddSideValueIT@1b9a3ff</td></tr>
<tr>
<td title='org.waes.it.AddSideValueIT.givenAEncoded64ValueInJonBody_WhenICallItUsingUsingAUppercaseLetter_ThenTheStatusCodeIsNotImplemented()'><b>givenAEncoded64ValueInJonBody_WhenICallItUsingUsingAUppercaseLetter_ThenTheStatusCodeIsNotImplemented</b><br>Test class: org.waes.it.AddSideValueIT<br>Test method: AddSideValue - Checking if side is Case Sensitive.</td>
<td></td>
<td>0</td>
<td>org.waes.it.AddSideValueIT@1b9a3ff</td></tr>
<tr>
<td title='org.waes.it.AddSideValueIT.givenAEncoded64ValueInJonBody_WhenICallItWithoutAId_ThenTheStatusCodeIsNotFound()'><b>givenAEncoded64ValueInJonBody_WhenICallItWithoutAId_ThenTheStatusCodeIsNotFound</b><br>Test class: org.waes.it.AddSideValueIT<br>Test method: Calling AddSideValueIT without ID in the endpoint</td>
<td></td>
<td>0</td>
<td>org.waes.it.AddSideValueIT@1b9a3ff</td></tr>
<tr>
<td title='org.waes.it.AddSideValueIT.givenAEncoded64ValueInJonBody_WhenICallItWithoutASide_ThenTheStatusCodeIsMethodNotAllowed()'><b>givenAEncoded64ValueInJonBody_WhenICallItWithoutASide_ThenTheStatusCodeIsMethodNotAllowed</b><br>Test class: org.waes.it.AddSideValueIT<br>Test method: Calling AddSideValue without a side in the endpoint.</td>
<td></td>
<td>0</td>
<td>org.waes.it.AddSideValueIT@1b9a3ff</td></tr>
<tr>
<td title='org.waes.it.ValidateDiffIT.givenBothSideHaveDiffLengthValues_WhenValidateDiffIsCalled_ThenStatusCodeIs200AndTypeIsDifferentLength()'><b>givenBothSideHaveDiffLengthValues_WhenValidateDiffIsCalled_ThenStatusCodeIs200AndTypeIsDifferentLength</b><br>Test class: org.waes.it.ValidateDiffIT<br>Test method: ValidateDiff -  When the sides have different length values.</td>
<td></td>
<td>0</td>
<td>org.waes.it.ValidateDiffIT@3b36e0</td></tr>
<tr>
<td title='org.waes.it.ValidateDiffIT.givenBothSideHaveSameLengthAndDiffChars_WhenValidateDiffIsCalled_ThenTheTypeIsDifferentLengthAndDetailMessageIsDisplayed()'><b>givenBothSideHaveSameLengthAndDiffChars_WhenValidateDiffIsCalled_ThenTheTypeIsDifferentLengthAndDetailMessageIsDisplayed</b><br>Test class: org.waes.it.ValidateDiffIT<br>Test method: ValidateDiff - Both sides with same length but the chars are different.</td>
<td></td>
<td>0</td>
<td>org.waes.it.ValidateDiffIT@3b36e0</td></tr>
<tr>
<td title='org.waes.it.ValidateDiffIT.givenBothSidesHaveEmprtyStrings_WhenValidateDiffIsCalled_ThenTheStatusCodeIs200AndTypeIsEqual()'><b>givenBothSidesHaveEmprtyStrings_WhenValidateDiffIsCalled_ThenTheStatusCodeIs200AndTypeIsEqual</b><br>Test class: org.waes.it.ValidateDiffIT<br>Test method: ValidateDiff - Both sides with empty strings.</td>
<td></td>
<td>0</td>
<td>org.waes.it.ValidateDiffIT@3b36e0</td></tr>
<tr>
<td title='org.waes.it.ValidateDiffIT.givenBothSidesHaveSameCharsButInDiffOrder_WhenValidateDiffIsCalled_ThenTheTypeIsDifferentLengthAndDetailMessageIsDisplayed()'><b>givenBothSidesHaveSameCharsButInDiffOrder_WhenValidateDiffIsCalled_ThenTheTypeIsDifferentLengthAndDetailMessageIsDisplayed</b><br>Test class: org.waes.it.ValidateDiffIT<br>Test method: ValidateDiff - Sides using same chars but they are are in a different order.</td>
<td></td>
<td>0</td>
<td>org.waes.it.ValidateDiffIT@3b36e0</td></tr>
<tr>
<td title='org.waes.it.ValidateDiffIT.givenBothsideHavesameData_WhenValidateDiffIsCalled_ThenTheStatusCodeIs200AndTypeIsEqual()'><b>givenBothsideHavesameData_WhenValidateDiffIsCalled_ThenTheStatusCodeIs200AndTypeIsEqual</b><br>Test class: org.waes.it.ValidateDiffIT<br>Test method: ValidateDiff - When both sides have same data.</td>
<td></td>
<td>0</td>
<td>org.waes.it.ValidateDiffIT@3b36e0</td></tr>
<tr>
<td title='org.waes.it.ValidateDiffIT.givenFirstAndLastCharsAreDiff_WhenValidateDiffIsCalled_ThenTheTypeIsDifferentCharsAndDetailMessageIsDisplayed()'><b>givenFirstAndLastCharsAreDiff_WhenValidateDiffIsCalled_ThenTheTypeIsDifferentCharsAndDetailMessageIsDisplayed</b><br>Test class: org.waes.it.ValidateDiffIT<br>Test method: ValidateDiff - First and Last char are different.</td>
<td></td>
<td>0</td>
<td>org.waes.it.ValidateDiffIT@3b36e0</td></tr>
<tr>
<td title='org.waes.it.ValidateDiffIT.givenLeftSideDontHaveData_WhenValidateDiffIsCalled_ThenTypeIsDifferentLengthAndLeftSideContainsNoValue()'><b>givenLeftSideDontHaveData_WhenValidateDiffIsCalled_ThenTypeIsDifferentLengthAndLeftSideContainsNoValue</b><br>Test class: org.waes.it.ValidateDiffIT<br>Test method: ValidateDiff - When the left side don't have data.</td>
<td></td>
<td>0</td>
<td>org.waes.it.ValidateDiffIT@3b36e0</td></tr>
<tr>
<td title='org.waes.it.ValidateDiffIT.givenLeftSideHasAEmptyString_WhenValidateDiffIsCalled_ThenStatusCodeIs200AndTypeIsDifferentLength()'><b>givenLeftSideHasAEmptyString_WhenValidateDiffIsCalled_ThenStatusCodeIs200AndTypeIsDifferentLength</b><br>Test class: org.waes.it.ValidateDiffIT<br>Test method: ValidateDiff - When left side has a empty string and right side has a string.</td>
<td></td>
<td>0</td>
<td>org.waes.it.ValidateDiffIT@3b36e0</td></tr>
<tr>
<td title='org.waes.it.ValidateDiffIT.givenTheEndpointAcceptsLongAsID_WhenValidateDiffIsCalledWithACharAsId_ThenTheStatusCodeIs404()'><b>givenTheEndpointAcceptsLongAsID_WhenValidateDiffIsCalledWithACharAsId_ThenTheStatusCodeIs404</b><br>Test class: org.waes.it.ValidateDiffIT<br>Test method: Calling ValidateDiffIT using a CHAR as id</td>
<td></td>
<td>0</td>
<td>org.waes.it.ValidateDiffIT@3b36e0</td></tr>
<tr>
<td title='org.waes.it.ValidateDiffIT.givenTheValueAreInANegId_WhenValidateDiffIsCalledWithTheNegId_ThenTheStatusCodeIs200AndTypeEqual()'><b>givenTheValueAreInANegId_WhenValidateDiffIsCalledWithTheNegId_ThenTheStatusCodeIs200AndTypeEqual</b><br>Test class: org.waes.it.ValidateDiffIT<br>Test method: ValidateDiff - Sides with equal data but in a negative ID</td>
<td></td>
<td>0</td>
<td>org.waes.it.ValidateDiffIT@3b36e0</td></tr>
</table><p>
</body>
</html>