<?xml version="1.0" encoding="UTF-8"?>
<testng-results skipped="0" failed="6" ignored="0" total="30" passed="24">
  <reporter-output>
  </reporter-output>
  <suite name="Surefire suite" duration-ms="4272" started-at="2018-09-06T21:53:58Z" finished-at="2018-09-06T21:54:03Z">
    <groups>
    </groups>
    <test name="Surefire test" duration-ms="4272" started-at="2018-09-06T21:53:58Z" finished-at="2018-09-06T21:54:03Z">
      <class name="org.waes.it.AddSideValueIT">
        <test-method status="PASS" signature="givenAEncoded64ValueInJonBody_WhenIAddItToAInvalidSide_ThenTheStatusCodeIsNotImplemented()[pri:0, instance:org.waes.it.AddSideValueIT@1b9a3ff]" name="givenAEncoded64ValueInJonBody_WhenIAddItToAInvalidSide_ThenTheStatusCodeIsNotImplemented" duration-ms="2464" started-at="2018-09-06T18:53:58Z" description="AddSideValue - Adding a base64 encoded value to an invalid side." finished-at="2018-09-06T18:54:01Z">
          <reporter-output>
          </reporter-output>
        </test-method> <!-- givenAEncoded64ValueInJonBody_WhenIAddItToAInvalidSide_ThenTheStatusCodeIsNotImplemented -->
        <test-method status="PASS" signature="givenAEncoded64ValueInJonBody_WhenIAddItToLeftSide_ThenAddedValueReturnsInLeftSide()[pri:0, instance:org.waes.it.AddSideValueIT@1b9a3ff]" name="givenAEncoded64ValueInJonBody_WhenIAddItToLeftSide_ThenAddedValueReturnsInLeftSide" duration-ms="53" started-at="2018-09-06T18:54:01Z" description="AddSideValue - Adding a base64 encoded value to left side." finished-at="2018-09-06T18:54:01Z">
          <reporter-output>
          </reporter-output>
        </test-method> <!-- givenAEncoded64ValueInJonBody_WhenIAddItToLeftSide_ThenAddedValueReturnsInLeftSide -->
        <test-method status="PASS" signature="givenAEncoded64ValueInJonBody_WhenIAddItToRightSide_ThenAddedValueReturnsInRightSide()[pri:0, instance:org.waes.it.AddSideValueIT@1b9a3ff]" name="givenAEncoded64ValueInJonBody_WhenIAddItToRightSide_ThenAddedValueReturnsInRightSide" duration-ms="43" started-at="2018-09-06T18:54:01Z" description="AddSideValue - Adding a base64 encoded value to right side." finished-at="2018-09-06T18:54:01Z">
          <reporter-output>
          </reporter-output>
        </test-method> <!-- givenAEncoded64ValueInJonBody_WhenIAddItToRightSide_ThenAddedValueReturnsInRightSide -->
        <test-method status="PASS" signature="givenAEncoded64ValueInJonBody_WhenICallItUsingAIdThatExceedsLongLimit_ThenTheStatusCodeIsNotFound()[pri:0, instance:org.waes.it.AddSideValueIT@1b9a3ff]" name="givenAEncoded64ValueInJonBody_WhenICallItUsingAIdThatExceedsLongLimit_ThenTheStatusCodeIsNotFound" duration-ms="101" started-at="2018-09-06T18:54:01Z" description="AddSideValueIT - Using a ID that exceeds long maximum limit." finished-at="2018-09-06T18:54:01Z">
          <reporter-output>
          </reporter-output>
        </test-method> <!-- givenAEncoded64ValueInJonBody_WhenICallItUsingAIdThatExceedsLongLimit_ThenTheStatusCodeIsNotFound -->
        <test-method status="PASS" signature="givenAEncoded64ValueInJonBody_WhenICallItUsingAIdThatExceedsLongNegativeLimit_ThenTheStatusCodeIsNotFound()[pri:0, instance:org.waes.it.AddSideValueIT@1b9a3ff]" name="givenAEncoded64ValueInJonBody_WhenICallItUsingAIdThatExceedsLongNegativeLimit_ThenTheStatusCodeIsNotFound" duration-ms="30" started-at="2018-09-06T18:54:01Z" description="AddSideValueIT - Using a ID that exceeds long maximum limit." finished-at="2018-09-06T18:54:01Z">
          <reporter-output>
          </reporter-output>
        </test-method> <!-- givenAEncoded64ValueInJonBody_WhenICallItUsingAIdThatExceedsLongNegativeLimit_ThenTheStatusCodeIsNotFound -->
        <test-method status="PASS" signature="givenAEncoded64ValueInJonBody_WhenICallItUsingAValueThatIsNotInStringFormat_ThenTheStatusCodeIsUnsupportedMediaType()[pri:0, instance:org.waes.it.AddSideValueIT@1b9a3ff]" name="givenAEncoded64ValueInJonBody_WhenICallItUsingAValueThatIsNotInStringFormat_ThenTheStatusCodeIsUnsupportedMediaType" duration-ms="55" started-at="2018-09-06T18:54:01Z" description="AddSideValue - Using a value that is not in string format" finished-at="2018-09-06T18:54:01Z">
          <reporter-output>
          </reporter-output>
        </test-method> <!-- givenAEncoded64ValueInJonBody_WhenICallItUsingAValueThatIsNotInStringFormat_ThenTheStatusCodeIsUnsupportedMediaType -->
        <test-method status="PASS" signature="givenAEncoded64ValueInJonBody_WhenICallItUsingAnEmptyStringInJsonBody_ThenTheEmptyStringIsAdded()[pri:0, instance:org.waes.it.AddSideValueIT@1b9a3ff]" name="givenAEncoded64ValueInJonBody_WhenICallItUsingAnEmptyStringInJsonBody_ThenTheEmptyStringIsAdded" duration-ms="53" started-at="2018-09-06T18:54:01Z" description="AddSideValue - Using an empty string in the json body" finished-at="2018-09-06T18:54:01Z">
          <reporter-output>
          </reporter-output>
        </test-method> <!-- givenAEncoded64ValueInJonBody_WhenICallItUsingAnEmptyStringInJsonBody_ThenTheEmptyStringIsAdded -->
        <test-method status="FAIL" signature="givenAEncoded64ValueInJonBody_WhenICallItUsingAnValueThatIsInJsonBodyFormatInJsonBody_ThenTheValueIsAdded()[pri:0, instance:org.waes.it.AddSideValueIT@1b9a3ff]" name="givenAEncoded64ValueInJonBody_WhenICallItUsingAnValueThatIsInJsonBodyFormatInJsonBody_ThenTheValueIsAdded" duration-ms="54" started-at="2018-09-06T18:54:01Z" description="AddSideValue - Using a string in json format" finished-at="2018-09-06T18:54:01Z">
          <exception class="java.lang.AssertionError">
            <message>
              <![CDATA[1 expectation failed.
Expected status code <200> but was <500>.
]]>
            </message>
            <full-stacktrace>
              <![CDATA[java.lang.AssertionError: 1 expectation failed.
Expected status code <200> but was <500>.

	at sun.reflect.NativeConstructorAccessorImpl.newInstance0(Native Method)
	at sun.reflect.NativeConstructorAccessorImpl.newInstance(NativeConstructorAccessorImpl.java:62)
	at sun.reflect.DelegatingConstructorAccessorImpl.newInstance(DelegatingConstructorAccessorImpl.java:45)
	at java.lang.reflect.Constructor.newInstance(Constructor.java:423)
	at org.codehaus.groovy.reflection.CachedConstructor.invoke(CachedConstructor.java:83)
	at org.codehaus.groovy.reflection.CachedConstructor.doConstructorInvoke(CachedConstructor.java:77)
	at org.codehaus.groovy.runtime.callsite.ConstructorSite$ConstructorSiteNoUnwrap.callConstructor(ConstructorSite.java:84)
	at org.codehaus.groovy.runtime.callsite.CallSiteArray.defaultCallConstructor(CallSiteArray.java:60)
	at org.codehaus.groovy.runtime.callsite.AbstractCallSite.callConstructor(AbstractCallSite.java:235)
	at org.codehaus.groovy.runtime.callsite.AbstractCallSite.callConstructor(AbstractCallSite.java:247)
	at io.restassured.internal.ResponseSpecificationImpl$HamcrestAssertionClosure.validate(ResponseSpecificationImpl.groovy:471)
	at io.restassured.internal.ResponseSpecificationImpl$HamcrestAssertionClosure$validate$1.call(Unknown Source)
	at io.restassured.internal.ResponseSpecificationImpl.validateResponseIfRequired(ResponseSpecificationImpl.groovy:643)
	at sun.reflect.GeneratedMethodAccessor47.invoke(Unknown Source)
	at sun.reflect.DelegatingMethodAccessorImpl.invoke(DelegatingMethodAccessorImpl.java:43)
	at java.lang.reflect.Method.invoke(Method.java:498)
	at org.codehaus.groovy.runtime.callsite.PogoMetaMethodSite$PogoCachedMethodSiteNoUnwrapNoCoerce.invoke(PogoMetaMethodSite.java:210)
	at org.codehaus.groovy.runtime.callsite.PogoMetaMethodSite.callCurrent(PogoMetaMethodSite.java:59)
	at org.codehaus.groovy.runtime.callsite.AbstractCallSite.callCurrent(AbstractCallSite.java:166)
	at io.restassured.internal.ResponseSpecificationImpl.statusCode(ResponseSpecificationImpl.groovy:122)
	at io.restassured.specification.ResponseSpecification$statusCode$0.callCurrent(Unknown Source)
	at io.restassured.internal.ResponseSpecificationImpl.statusCode(ResponseSpecificationImpl.groovy:130)
	at io.restassured.internal.ValidatableResponseOptionsImpl.statusCode(ValidatableResponseOptionsImpl.java:117)
	at org.waes.it.AddSideValueIT.givenAEncoded64ValueInJonBody_WhenICallItUsingAnValueThatIsInJsonBodyFormatInJsonBody_ThenTheValueIsAdded(AddSideValueIT.java:416)
	at sun.reflect.NativeMethodAccessorImpl.invoke0(Native Method)
	at sun.reflect.NativeMethodAccessorImpl.invoke(NativeMethodAccessorImpl.java:62)
	at sun.reflect.DelegatingMethodAccessorImpl.invoke(DelegatingMethodAccessorImpl.java:43)
	at java.lang.reflect.Method.invoke(Method.java:498)
	at org.testng.internal.MethodInvocationHelper.invokeMethod(MethodInvocationHelper.java:108)
	at org.testng.internal.Invoker.invokeMethod(Invoker.java:661)
	at org.testng.internal.Invoker.invokeTestMethod(Invoker.java:869)
	at org.testng.internal.Invoker.invokeTestMethods(Invoker.java:1193)
	at org.testng.internal.TestMethodWorker.invokeTestMethods(TestMethodWorker.java:126)
	at org.testng.internal.TestMethodWorker.run(TestMethodWorker.java:109)
	at org.testng.TestRunner.privateRun(TestRunner.java:744)
	at org.testng.TestRunner.run(TestRunner.java:602)
	at org.testng.SuiteRunner.runTest(SuiteRunner.java:380)
	at org.testng.SuiteRunner.runSequentially(SuiteRunner.java:375)
	at org.testng.SuiteRunner.privateRun(SuiteRunner.java:340)
	at org.testng.SuiteRunner.run(SuiteRunner.java:289)
	at org.testng.SuiteRunnerWorker.runSuite(SuiteRunnerWorker.java:52)
	at org.testng.SuiteRunnerWorker.run(SuiteRunnerWorker.java:86)
	at org.testng.TestNG.runSuitesSequentially(TestNG.java:1301)
	at org.testng.TestNG.runSuitesLocally(TestNG.java:1226)
	at org.testng.TestNG.runSuites(TestNG.java:1144)
	at org.testng.TestNG.run(TestNG.java:1115)
	at org.apache.maven.surefire.testng.TestNGExecutor.run(TestNGExecutor.java:135)
	at org.apache.maven.surefire.testng.TestNGDirectoryTestSuite.executeMulti(TestNGDirectoryTestSuite.java:193)
	at org.apache.maven.surefire.testng.TestNGDirectoryTestSuite.execute(TestNGDirectoryTestSuite.java:94)
	at org.apache.maven.surefire.testng.TestNGProvider.invoke(TestNGProvider.java:146)
	at org.apache.maven.surefire.booter.ForkedBooter.invokeProviderInSameClassLoader(ForkedBooter.java:383)
	at org.apache.maven.surefire.booter.ForkedBooter.runSuitesInProcess(ForkedBooter.java:344)
	at org.apache.maven.surefire.booter.ForkedBooter.execute(ForkedBooter.java:125)
	at org.apache.maven.surefire.booter.ForkedBooter.main(ForkedBooter.java:417)
]]>
            </full-stacktrace>
          </exception> <!-- java.lang.AssertionError -->
          <reporter-output>
          </reporter-output>
        </test-method> <!-- givenAEncoded64ValueInJonBody_WhenICallItUsingAnValueThatIsInJsonBodyFormatInJsonBody_ThenTheValueIsAdded -->
        <test-method status="PASS" signature="givenAEncoded64ValueInJonBody_WhenICallItUsingAnValueThatIsLessThan4CharsInJsonBody_ThenTheStatusCodeIsUnsupportedMediaType()[pri:0, instance:org.waes.it.AddSideValueIT@1b9a3ff]" name="givenAEncoded64ValueInJonBody_WhenICallItUsingAnValueThatIsLessThan4CharsInJsonBody_ThenTheStatusCodeIsUnsupportedMediaType" duration-ms="69" started-at="2018-09-06T18:54:01Z" description="AddSideValue - Using a string that contains less than 4 chars" finished-at="2018-09-06T18:54:01Z">
          <reporter-output>
          </reporter-output>
        </test-method> <!-- givenAEncoded64ValueInJonBody_WhenICallItUsingAnValueThatIsLessThan4CharsInJsonBody_ThenTheStatusCodeIsUnsupportedMediaType -->
        <test-method status="FAIL" signature="givenAEncoded64ValueInJonBody_WhenICallItUsingAnValueWithPlusInJsonBody_ThenTheValueWithPlusIsAdded()[pri:0, instance:org.waes.it.AddSideValueIT@1b9a3ff]" name="givenAEncoded64ValueInJonBody_WhenICallItUsingAnValueWithPlusInJsonBody_ThenTheValueWithPlusIsAdded" duration-ms="24" started-at="2018-09-06T18:54:01Z" description="AddSideValue - Using a plus in the json body value." finished-at="2018-09-06T18:54:01Z">
          <exception class="java.lang.AssertionError">
            <message>
              <![CDATA[1 expectation failed.
Expected status code <200> but was <415>.
]]>
            </message>
            <full-stacktrace>
              <![CDATA[java.lang.AssertionError: 1 expectation failed.
Expected status code <200> but was <415>.

	at sun.reflect.NativeConstructorAccessorImpl.newInstance0(Native Method)
	at sun.reflect.NativeConstructorAccessorImpl.newInstance(NativeConstructorAccessorImpl.java:62)
	at sun.reflect.DelegatingConstructorAccessorImpl.newInstance(DelegatingConstructorAccessorImpl.java:45)
	at java.lang.reflect.Constructor.newInstance(Constructor.java:423)
	at org.codehaus.groovy.reflection.CachedConstructor.invoke(CachedConstructor.java:83)
	at org.codehaus.groovy.reflection.CachedConstructor.doConstructorInvoke(CachedConstructor.java:77)
	at org.codehaus.groovy.runtime.callsite.ConstructorSite$ConstructorSiteNoUnwrap.callConstructor(ConstructorSite.java:84)
	at org.codehaus.groovy.runtime.callsite.AbstractCallSite.callConstructor(AbstractCallSite.java:247)
	at io.restassured.internal.ResponseSpecificationImpl$HamcrestAssertionClosure.validate(ResponseSpecificationImpl.groovy:471)
	at io.restassured.internal.ResponseSpecificationImpl$HamcrestAssertionClosure$validate$1.call(Unknown Source)
	at io.restassured.internal.ResponseSpecificationImpl.validateResponseIfRequired(ResponseSpecificationImpl.groovy:643)
	at sun.reflect.GeneratedMethodAccessor47.invoke(Unknown Source)
	at sun.reflect.DelegatingMethodAccessorImpl.invoke(DelegatingMethodAccessorImpl.java:43)
	at java.lang.reflect.Method.invoke(Method.java:498)
	at org.codehaus.groovy.runtime.callsite.PogoMetaMethodSite$PogoCachedMethodSiteNoUnwrapNoCoerce.invoke(PogoMetaMethodSite.java:210)
	at org.codehaus.groovy.runtime.callsite.PogoMetaMethodSite.callCurrent(PogoMetaMethodSite.java:59)
	at org.codehaus.groovy.runtime.callsite.AbstractCallSite.callCurrent(AbstractCallSite.java:166)
	at io.restassured.internal.ResponseSpecificationImpl.statusCode(ResponseSpecificationImpl.groovy:122)
	at io.restassured.specification.ResponseSpecification$statusCode$0.callCurrent(Unknown Source)
	at io.restassured.internal.ResponseSpecificationImpl.statusCode(ResponseSpecificationImpl.groovy:130)
	at io.restassured.internal.ValidatableResponseOptionsImpl.statusCode(ValidatableResponseOptionsImpl.java:117)
	at org.waes.it.AddSideValueIT.givenAEncoded64ValueInJonBody_WhenICallItUsingAnValueWithPlusInJsonBody_ThenTheValueWithPlusIsAdded(AddSideValueIT.java:368)
	at sun.reflect.NativeMethodAccessorImpl.invoke0(Native Method)
	at sun.reflect.NativeMethodAccessorImpl.invoke(NativeMethodAccessorImpl.java:62)
	at sun.reflect.DelegatingMethodAccessorImpl.invoke(DelegatingMethodAccessorImpl.java:43)
	at java.lang.reflect.Method.invoke(Method.java:498)
	at org.testng.internal.MethodInvocationHelper.invokeMethod(MethodInvocationHelper.java:108)
	at org.testng.internal.Invoker.invokeMethod(Invoker.java:661)
	at org.testng.internal.Invoker.invokeTestMethod(Invoker.java:869)
	at org.testng.internal.Invoker.invokeTestMethods(Invoker.java:1193)
	at org.testng.internal.TestMethodWorker.invokeTestMethods(TestMethodWorker.java:126)
	at org.testng.internal.TestMethodWorker.run(TestMethodWorker.java:109)
	at org.testng.TestRunner.privateRun(TestRunner.java:744)
	at org.testng.TestRunner.run(TestRunner.java:602)
	at org.testng.SuiteRunner.runTest(SuiteRunner.java:380)
	at org.testng.SuiteRunner.runSequentially(SuiteRunner.java:375)
	at org.testng.SuiteRunner.privateRun(SuiteRunner.java:340)
	at org.testng.SuiteRunner.run(SuiteRunner.java:289)
	at org.testng.SuiteRunnerWorker.runSuite(SuiteRunnerWorker.java:52)
	at org.testng.SuiteRunnerWorker.run(SuiteRunnerWorker.java:86)
	at org.testng.TestNG.runSuitesSequentially(TestNG.java:1301)
	at org.testng.TestNG.runSuitesLocally(TestNG.java:1226)
	at org.testng.TestNG.runSuites(TestNG.java:1144)
	at org.testng.TestNG.run(TestNG.java:1115)
	at org.apache.maven.surefire.testng.TestNGExecutor.run(TestNGExecutor.java:135)
	at org.apache.maven.surefire.testng.TestNGDirectoryTestSuite.executeMulti(TestNGDirectoryTestSuite.java:193)
	at org.apache.maven.surefire.testng.TestNGDirectoryTestSuite.execute(TestNGDirectoryTestSuite.java:94)
	at org.apache.maven.surefire.testng.TestNGProvider.invoke(TestNGProvider.java:146)
	at org.apache.maven.surefire.booter.ForkedBooter.invokeProviderInSameClassLoader(ForkedBooter.java:383)
	at org.apache.maven.surefire.booter.ForkedBooter.runSuitesInProcess(ForkedBooter.java:344)
	at org.apache.maven.surefire.booter.ForkedBooter.execute(ForkedBooter.java:125)
	at org.apache.maven.surefire.booter.ForkedBooter.main(ForkedBooter.java:417)
]]>
            </full-stacktrace>
          </exception> <!-- java.lang.AssertionError -->
          <reporter-output>
          </reporter-output>
        </test-method> <!-- givenAEncoded64ValueInJonBody_WhenICallItUsingAnValueWithPlusInJsonBody_ThenTheValueWithPlusIsAdded -->
        <test-method status="FAIL" signature="givenAEncoded64ValueInJonBody_WhenICallItUsingAnValueWithSlashInJsonBody_ThenTheValueWithSlashIsAdded()[pri:0, instance:org.waes.it.AddSideValueIT@1b9a3ff]" name="givenAEncoded64ValueInJonBody_WhenICallItUsingAnValueWithSlashInJsonBody_ThenTheValueWithSlashIsAdded" duration-ms="26" started-at="2018-09-06T18:54:01Z" description="AddSideValue using a slash in the json body value." finished-at="2018-09-06T18:54:01Z">
          <exception class="java.lang.AssertionError">
            <message>
              <![CDATA[1 expectation failed.
Expected status code <200> but was <415>.
]]>
            </message>
            <full-stacktrace>
              <![CDATA[java.lang.AssertionError: 1 expectation failed.
Expected status code <200> but was <415>.

	at sun.reflect.NativeConstructorAccessorImpl.newInstance0(Native Method)
	at sun.reflect.NativeConstructorAccessorImpl.newInstance(NativeConstructorAccessorImpl.java:62)
	at sun.reflect.DelegatingConstructorAccessorImpl.newInstance(DelegatingConstructorAccessorImpl.java:45)
	at java.lang.reflect.Constructor.newInstance(Constructor.java:423)
	at org.codehaus.groovy.reflection.CachedConstructor.invoke(CachedConstructor.java:83)
	at org.codehaus.groovy.reflection.CachedConstructor.doConstructorInvoke(CachedConstructor.java:77)
	at org.codehaus.groovy.runtime.callsite.ConstructorSite$ConstructorSiteNoUnwrap.callConstructor(ConstructorSite.java:84)
	at org.codehaus.groovy.runtime.callsite.AbstractCallSite.callConstructor(AbstractCallSite.java:247)
	at io.restassured.internal.ResponseSpecificationImpl$HamcrestAssertionClosure.validate(ResponseSpecificationImpl.groovy:471)
	at io.restassured.internal.ResponseSpecificationImpl$HamcrestAssertionClosure$validate$1.call(Unknown Source)
	at io.restassured.internal.ResponseSpecificationImpl.validateResponseIfRequired(ResponseSpecificationImpl.groovy:643)
	at sun.reflect.GeneratedMethodAccessor47.invoke(Unknown Source)
	at sun.reflect.DelegatingMethodAccessorImpl.invoke(DelegatingMethodAccessorImpl.java:43)
	at java.lang.reflect.Method.invoke(Method.java:498)
	at org.codehaus.groovy.runtime.callsite.PogoMetaMethodSite$PogoCachedMethodSiteNoUnwrapNoCoerce.invoke(PogoMetaMethodSite.java:210)
	at org.codehaus.groovy.runtime.callsite.PogoMetaMethodSite.callCurrent(PogoMetaMethodSite.java:59)
	at org.codehaus.groovy.runtime.callsite.AbstractCallSite.callCurrent(AbstractCallSite.java:166)
	at io.restassured.internal.ResponseSpecificationImpl.statusCode(ResponseSpecificationImpl.groovy:122)
	at io.restassured.specification.ResponseSpecification$statusCode$0.callCurrent(Unknown Source)
	at io.restassured.internal.ResponseSpecificationImpl.statusCode(ResponseSpecificationImpl.groovy:130)
	at io.restassured.internal.ValidatableResponseOptionsImpl.statusCode(ValidatableResponseOptionsImpl.java:117)
	at org.waes.it.AddSideValueIT.givenAEncoded64ValueInJonBody_WhenICallItUsingAnValueWithSlashInJsonBody_ThenTheValueWithSlashIsAdded(AddSideValueIT.java:344)
	at sun.reflect.NativeMethodAccessorImpl.invoke0(Native Method)
	at sun.reflect.NativeMethodAccessorImpl.invoke(NativeMethodAccessorImpl.java:62)
	at sun.reflect.DelegatingMethodAccessorImpl.invoke(DelegatingMethodAccessorImpl.java:43)
	at java.lang.reflect.Method.invoke(Method.java:498)
	at org.testng.internal.MethodInvocationHelper.invokeMethod(MethodInvocationHelper.java:108)
	at org.testng.internal.Invoker.invokeMethod(Invoker.java:661)
	at org.testng.internal.Invoker.invokeTestMethod(Invoker.java:869)
	at org.testng.internal.Invoker.invokeTestMethods(Invoker.java:1193)
	at org.testng.internal.TestMethodWorker.invokeTestMethods(TestMethodWorker.java:126)
	at org.testng.internal.TestMethodWorker.run(TestMethodWorker.java:109)
	at org.testng.TestRunner.privateRun(TestRunner.java:744)
	at org.testng.TestRunner.run(TestRunner.java:602)
	at org.testng.SuiteRunner.runTest(SuiteRunner.java:380)
	at org.testng.SuiteRunner.runSequentially(SuiteRunner.java:375)
	at org.testng.SuiteRunner.privateRun(SuiteRunner.java:340)
	at org.testng.SuiteRunner.run(SuiteRunner.java:289)
	at org.testng.SuiteRunnerWorker.runSuite(SuiteRunnerWorker.java:52)
	at org.testng.SuiteRunnerWorker.run(SuiteRunnerWorker.java:86)
	at org.testng.TestNG.runSuitesSequentially(TestNG.java:1301)
	at org.testng.TestNG.runSuitesLocally(TestNG.java:1226)
	at org.testng.TestNG.runSuites(TestNG.java:1144)
	at org.testng.TestNG.run(TestNG.java:1115)
	at org.apache.maven.surefire.testng.TestNGExecutor.run(TestNGExecutor.java:135)
	at org.apache.maven.surefire.testng.TestNGDirectoryTestSuite.executeMulti(TestNGDirectoryTestSuite.java:193)
	at org.apache.maven.surefire.testng.TestNGDirectoryTestSuite.execute(TestNGDirectoryTestSuite.java:94)
	at org.apache.maven.surefire.testng.TestNGProvider.invoke(TestNGProvider.java:146)
	at org.apache.maven.surefire.booter.ForkedBooter.invokeProviderInSameClassLoader(ForkedBooter.java:383)
	at org.apache.maven.surefire.booter.ForkedBooter.runSuitesInProcess(ForkedBooter.java:344)
	at org.apache.maven.surefire.booter.ForkedBooter.execute(ForkedBooter.java:125)
	at org.apache.maven.surefire.booter.ForkedBooter.main(ForkedBooter.java:417)
]]>
            </full-stacktrace>
          </exception> <!-- java.lang.AssertionError -->
          <reporter-output>
          </reporter-output>
        </test-method> <!-- givenAEncoded64ValueInJonBody_WhenICallItUsingAnValueWithSlashInJsonBody_ThenTheValueWithSlashIsAdded -->
        <test-method status="PASS" signature="givenAEncoded64ValueInJonBody_WhenICallItUsingCharAsId_ThenTheStatusCodeIsNotFound()[pri:0, instance:org.waes.it.AddSideValueIT@1b9a3ff]" name="givenAEncoded64ValueInJonBody_WhenICallItUsingCharAsId_ThenTheStatusCodeIsNotFound" duration-ms="25" started-at="2018-09-06T18:54:01Z" description="AddSideValue - Using a CHAR as ID." finished-at="2018-09-06T18:54:01Z">
          <reporter-output>
          </reporter-output>
        </test-method> <!-- givenAEncoded64ValueInJonBody_WhenICallItUsingCharAsId_ThenTheStatusCodeIsNotFound -->
        <test-method status="PASS" signature="givenAEncoded64ValueInJonBody_WhenICallItUsingDoubleAsId_ThenTheStatusCodeIsNotFound()[pri:0, instance:org.waes.it.AddSideValueIT@1b9a3ff]" name="givenAEncoded64ValueInJonBody_WhenICallItUsingDoubleAsId_ThenTheStatusCodeIsNotFound" duration-ms="28" started-at="2018-09-06T18:54:01Z" description="AddSideValue - Using a DOUBLE as ID" finished-at="2018-09-06T18:54:01Z">
          <reporter-output>
          </reporter-output>
        </test-method> <!-- givenAEncoded64ValueInJonBody_WhenICallItUsingDoubleAsId_ThenTheStatusCodeIsNotFound -->
        <test-method status="PASS" signature="givenAEncoded64ValueInJonBody_WhenICallItUsingNegativeNumberAsId_ThenAddedValueReturnsInLeftSide()[pri:0, instance:org.waes.it.AddSideValueIT@1b9a3ff]" name="givenAEncoded64ValueInJonBody_WhenICallItUsingNegativeNumberAsId_ThenAddedValueReturnsInLeftSide" duration-ms="36" started-at="2018-09-06T18:54:01Z" description="AddSideValue - Using a negative number as ID" finished-at="2018-09-06T18:54:01Z">
          <reporter-output>
          </reporter-output>
        </test-method> <!-- givenAEncoded64ValueInJonBody_WhenICallItUsingNegativeNumberAsId_ThenAddedValueReturnsInLeftSide -->
        <test-method status="FAIL" signature="givenAEncoded64ValueInJonBody_WhenICallItUsingPaddingInJsonBodyValue_ThenThePaddedValueIsAdded()[pri:0, instance:org.waes.it.AddSideValueIT@1b9a3ff]" name="givenAEncoded64ValueInJonBody_WhenICallItUsingPaddingInJsonBodyValue_ThenThePaddedValueIsAdded" duration-ms="24" started-at="2018-09-06T18:54:01Z" description="AddSideValue - Using a padded value in the json body." finished-at="2018-09-06T18:54:01Z">
          <exception class="java.lang.AssertionError">
            <message>
              <![CDATA[1 expectation failed.
Expected status code <200> but was <415>.
]]>
            </message>
            <full-stacktrace>
              <![CDATA[java.lang.AssertionError: 1 expectation failed.
Expected status code <200> but was <415>.

	at sun.reflect.NativeConstructorAccessorImpl.newInstance0(Native Method)
	at sun.reflect.NativeConstructorAccessorImpl.newInstance(NativeConstructorAccessorImpl.java:62)
	at sun.reflect.DelegatingConstructorAccessorImpl.newInstance(DelegatingConstructorAccessorImpl.java:45)
	at java.lang.reflect.Constructor.newInstance(Constructor.java:423)
	at org.codehaus.groovy.reflection.CachedConstructor.invoke(CachedConstructor.java:83)
	at org.codehaus.groovy.reflection.CachedConstructor.doConstructorInvoke(CachedConstructor.java:77)
	at org.codehaus.groovy.runtime.callsite.ConstructorSite$ConstructorSiteNoUnwrap.callConstructor(ConstructorSite.java:84)
	at org.codehaus.groovy.runtime.callsite.AbstractCallSite.callConstructor(AbstractCallSite.java:247)
	at io.restassured.internal.ResponseSpecificationImpl$HamcrestAssertionClosure.validate(ResponseSpecificationImpl.groovy:471)
	at io.restassured.internal.ResponseSpecificationImpl$HamcrestAssertionClosure$validate$1.call(Unknown Source)
	at io.restassured.internal.ResponseSpecificationImpl.validateResponseIfRequired(ResponseSpecificationImpl.groovy:643)
	at sun.reflect.GeneratedMethodAccessor47.invoke(Unknown Source)
	at sun.reflect.DelegatingMethodAccessorImpl.invoke(DelegatingMethodAccessorImpl.java:43)
	at java.lang.reflect.Method.invoke(Method.java:498)
	at org.codehaus.groovy.runtime.callsite.PogoMetaMethodSite$PogoCachedMethodSiteNoUnwrapNoCoerce.invoke(PogoMetaMethodSite.java:210)
	at org.codehaus.groovy.runtime.callsite.PogoMetaMethodSite.callCurrent(PogoMetaMethodSite.java:59)
	at org.codehaus.groovy.runtime.callsite.AbstractCallSite.callCurrent(AbstractCallSite.java:166)
	at io.restassured.internal.ResponseSpecificationImpl.statusCode(ResponseSpecificationImpl.groovy:122)
	at io.restassured.specification.ResponseSpecification$statusCode$0.callCurrent(Unknown Source)
	at io.restassured.internal.ResponseSpecificationImpl.statusCode(ResponseSpecificationImpl.groovy:130)
	at io.restassured.internal.ValidatableResponseOptionsImpl.statusCode(ValidatableResponseOptionsImpl.java:117)
	at org.waes.it.AddSideValueIT.givenAEncoded64ValueInJonBody_WhenICallItUsingPaddingInJsonBodyValue_ThenThePaddedValueIsAdded(AddSideValueIT.java:320)
	at sun.reflect.NativeMethodAccessorImpl.invoke0(Native Method)
	at sun.reflect.NativeMethodAccessorImpl.invoke(NativeMethodAccessorImpl.java:62)
	at sun.reflect.DelegatingMethodAccessorImpl.invoke(DelegatingMethodAccessorImpl.java:43)
	at java.lang.reflect.Method.invoke(Method.java:498)
	at org.testng.internal.MethodInvocationHelper.invokeMethod(MethodInvocationHelper.java:108)
	at org.testng.internal.Invoker.invokeMethod(Invoker.java:661)
	at org.testng.internal.Invoker.invokeTestMethod(Invoker.java:869)
	at org.testng.internal.Invoker.invokeTestMethods(Invoker.java:1193)
	at org.testng.internal.TestMethodWorker.invokeTestMethods(TestMethodWorker.java:126)
	at org.testng.internal.TestMethodWorker.run(TestMethodWorker.java:109)
	at org.testng.TestRunner.privateRun(TestRunner.java:744)
	at org.testng.TestRunner.run(TestRunner.java:602)
	at org.testng.SuiteRunner.runTest(SuiteRunner.java:380)
	at org.testng.SuiteRunner.runSequentially(SuiteRunner.java:375)
	at org.testng.SuiteRunner.privateRun(SuiteRunner.java:340)
	at org.testng.SuiteRunner.run(SuiteRunner.java:289)
	at org.testng.SuiteRunnerWorker.runSuite(SuiteRunnerWorker.java:52)
	at org.testng.SuiteRunnerWorker.run(SuiteRunnerWorker.java:86)
	at org.testng.TestNG.runSuitesSequentially(TestNG.java:1301)
	at org.testng.TestNG.runSuitesLocally(TestNG.java:1226)
	at org.testng.TestNG.runSuites(TestNG.java:1144)
	at org.testng.TestNG.run(TestNG.java:1115)
	at org.apache.maven.surefire.testng.TestNGExecutor.run(TestNGExecutor.java:135)
	at org.apache.maven.surefire.testng.TestNGDirectoryTestSuite.executeMulti(TestNGDirectoryTestSuite.java:193)
	at org.apache.maven.surefire.testng.TestNGDirectoryTestSuite.execute(TestNGDirectoryTestSuite.java:94)
	at org.apache.maven.surefire.testng.TestNGProvider.invoke(TestNGProvider.java:146)
	at org.apache.maven.surefire.booter.ForkedBooter.invokeProviderInSameClassLoader(ForkedBooter.java:383)
	at org.apache.maven.surefire.booter.ForkedBooter.runSuitesInProcess(ForkedBooter.java:344)
	at org.apache.maven.surefire.booter.ForkedBooter.execute(ForkedBooter.java:125)
	at org.apache.maven.surefire.booter.ForkedBooter.main(ForkedBooter.java:417)
]]>
            </full-stacktrace>
          </exception> <!-- java.lang.AssertionError -->
          <reporter-output>
          </reporter-output>
        </test-method> <!-- givenAEncoded64ValueInJonBody_WhenICallItUsingPaddingInJsonBodyValue_ThenThePaddedValueIsAdded -->
        <test-method status="PASS" signature="givenAEncoded64ValueInJonBody_WhenICallItUsingUsingAUppercaseLetter_ThenTheStatusCodeIsNotImplemented()[pri:0, instance:org.waes.it.AddSideValueIT@1b9a3ff]" name="givenAEncoded64ValueInJonBody_WhenICallItUsingUsingAUppercaseLetter_ThenTheStatusCodeIsNotImplemented" duration-ms="74" started-at="2018-09-06T18:54:01Z" description="AddSideValue - Checking if side is Case Sensitive." finished-at="2018-09-06T18:54:02Z">
          <reporter-output>
          </reporter-output>
        </test-method> <!-- givenAEncoded64ValueInJonBody_WhenICallItUsingUsingAUppercaseLetter_ThenTheStatusCodeIsNotImplemented -->
        <test-method status="PASS" signature="givenAEncoded64ValueInJonBody_WhenICallItWithoutAId_ThenTheStatusCodeIsNotFound()[pri:0, instance:org.waes.it.AddSideValueIT@1b9a3ff]" name="givenAEncoded64ValueInJonBody_WhenICallItWithoutAId_ThenTheStatusCodeIsNotFound" duration-ms="24" started-at="2018-09-06T18:54:02Z" description="Calling AddSideValueIT without ID in the endpoint" finished-at="2018-09-06T18:54:02Z">
          <reporter-output>
          </reporter-output>
        </test-method> <!-- givenAEncoded64ValueInJonBody_WhenICallItWithoutAId_ThenTheStatusCodeIsNotFound -->
        <test-method status="PASS" signature="givenAEncoded64ValueInJonBody_WhenICallItWithoutASide_ThenTheStatusCodeIsMethodNotAllowed()[pri:0, instance:org.waes.it.AddSideValueIT@1b9a3ff]" name="givenAEncoded64ValueInJonBody_WhenICallItWithoutASide_ThenTheStatusCodeIsMethodNotAllowed" duration-ms="23" started-at="2018-09-06T18:54:02Z" description="Calling AddSideValue without a side in the endpoint." finished-at="2018-09-06T18:54:02Z">
          <reporter-output>
          </reporter-output>
        </test-method> <!-- givenAEncoded64ValueInJonBody_WhenICallItWithoutASide_ThenTheStatusCodeIsMethodNotAllowed -->
      </class> <!-- org.waes.it.AddSideValueIT -->
      <class name="org.waes.it.ValidateDiffIT">
        <test-method status="PASS" signature="givenBothSideHaveDiffLengthValues_WhenValidateDiffIsCalled_ThenStatusCodeIs200AndTypeIsDifferentLength()[pri:0, instance:org.waes.it.ValidateDiffIT@3b36e0]" name="givenBothSideHaveDiffLengthValues_WhenValidateDiffIsCalled_ThenStatusCodeIs200AndTypeIsDifferentLength" duration-ms="98" started-at="2018-09-06T18:54:02Z" description="ValidateDiff -  When the sides have different length values." finished-at="2018-09-06T18:54:02Z">
          <reporter-output>
          </reporter-output>
        </test-method> <!-- givenBothSideHaveDiffLengthValues_WhenValidateDiffIsCalled_ThenStatusCodeIs200AndTypeIsDifferentLength -->
        <test-method status="PASS" signature="givenBothSideHaveSameLengthAndDiffChars_WhenValidateDiffIsCalled_ThenTheTypeIsDifferentLengthAndDetailMessageIsDisplayed()[pri:0, instance:org.waes.it.ValidateDiffIT@3b36e0]" name="givenBothSideHaveSameLengthAndDiffChars_WhenValidateDiffIsCalled_ThenTheTypeIsDifferentLengthAndDetailMessageIsDisplayed" duration-ms="129" started-at="2018-09-06T18:54:02Z" description="ValidateDiff - Both sides with same length but the chars are different." finished-at="2018-09-06T18:54:02Z">
          <reporter-output>
          </reporter-output>
        </test-method> <!-- givenBothSideHaveSameLengthAndDiffChars_WhenValidateDiffIsCalled_ThenTheTypeIsDifferentLengthAndDetailMessageIsDisplayed -->
        <test-method status="PASS" signature="givenBothSidesHaveEmprtyStrings_WhenValidateDiffIsCalled_ThenTheStatusCodeIs200AndTypeIsEqual()[pri:0, instance:org.waes.it.ValidateDiffIT@3b36e0]" name="givenBothSidesHaveEmprtyStrings_WhenValidateDiffIsCalled_ThenTheStatusCodeIs200AndTypeIsEqual" duration-ms="130" started-at="2018-09-06T18:54:02Z" description="ValidateDiff - Both sides with empty strings." finished-at="2018-09-06T18:54:02Z">
          <reporter-output>
          </reporter-output>
        </test-method> <!-- givenBothSidesHaveEmprtyStrings_WhenValidateDiffIsCalled_ThenTheStatusCodeIs200AndTypeIsEqual -->
        <test-method status="PASS" signature="givenBothSidesHaveSameCharsButInDiffOrder_WhenValidateDiffIsCalled_ThenTheTypeIsDifferentLengthAndDetailMessageIsDisplayed()[pri:0, instance:org.waes.it.ValidateDiffIT@3b36e0]" name="givenBothSidesHaveSameCharsButInDiffOrder_WhenValidateDiffIsCalled_ThenTheTypeIsDifferentLengthAndDetailMessageIsDisplayed" duration-ms="88" started-at="2018-09-06T18:54:02Z" description="ValidateDiff - Sides using same chars but they are are in a different order." finished-at="2018-09-06T18:54:02Z">
          <reporter-output>
          </reporter-output>
        </test-method> <!-- givenBothSidesHaveSameCharsButInDiffOrder_WhenValidateDiffIsCalled_ThenTheTypeIsDifferentLengthAndDetailMessageIsDisplayed -->
        <test-method status="PASS" signature="givenBothsideHavesameData_WhenValidateDiffIsCalled_ThenTheStatusCodeIs200AndTypeIsEqual()[pri:0, instance:org.waes.it.ValidateDiffIT@3b36e0]" name="givenBothsideHavesameData_WhenValidateDiffIsCalled_ThenTheStatusCodeIs200AndTypeIsEqual" duration-ms="93" started-at="2018-09-06T18:54:02Z" description="ValidateDiff - When both sides have same data." finished-at="2018-09-06T18:54:02Z">
          <reporter-output>
          </reporter-output>
        </test-method> <!-- givenBothsideHavesameData_WhenValidateDiffIsCalled_ThenTheStatusCodeIs200AndTypeIsEqual -->
        <test-method status="PASS" signature="givenFirstAndLastCharsAreDiff_WhenValidateDiffIsCalled_ThenTheTypeIsDifferentCharsAndDetailMessageIsDisplayed()[pri:0, instance:org.waes.it.ValidateDiffIT@3b36e0]" name="givenFirstAndLastCharsAreDiff_WhenValidateDiffIsCalled_ThenTheTypeIsDifferentCharsAndDetailMessageIsDisplayed" duration-ms="91" started-at="2018-09-06T18:54:02Z" description="ValidateDiff - First and Last char are different." finished-at="2018-09-06T18:54:02Z">
          <reporter-output>
          </reporter-output>
        </test-method> <!-- givenFirstAndLastCharsAreDiff_WhenValidateDiffIsCalled_ThenTheTypeIsDifferentCharsAndDetailMessageIsDisplayed -->
        <test-method status="PASS" signature="givenLeftSideDontHaveData_WhenValidateDiffIsCalled_ThenTypeIsDifferentLengthAndLeftSideContainsNoValue()[pri:0, instance:org.waes.it.ValidateDiffIT@3b36e0]" name="givenLeftSideDontHaveData_WhenValidateDiffIsCalled_ThenTypeIsDifferentLengthAndLeftSideContainsNoValue" duration-ms="73" started-at="2018-09-06T18:54:02Z" description="ValidateDiff - When the left side don&#039;t have data." finished-at="2018-09-06T18:54:02Z">
          <reporter-output>
          </reporter-output>
        </test-method> <!-- givenLeftSideDontHaveData_WhenValidateDiffIsCalled_ThenTypeIsDifferentLengthAndLeftSideContainsNoValue -->
        <test-method status="PASS" signature="givenLeftSideHasAEmptyString_WhenValidateDiffIsCalled_ThenStatusCodeIs200AndTypeIsDifferentLength()[pri:0, instance:org.waes.it.ValidateDiffIT@3b36e0]" name="givenLeftSideHasAEmptyString_WhenValidateDiffIsCalled_ThenStatusCodeIs200AndTypeIsDifferentLength" duration-ms="70" started-at="2018-09-06T18:54:02Z" description="ValidateDiff - When left side has a empty string and right side has a string." finished-at="2018-09-06T18:54:02Z">
          <reporter-output>
          </reporter-output>
        </test-method> <!-- givenLeftSideHasAEmptyString_WhenValidateDiffIsCalled_ThenStatusCodeIs200AndTypeIsDifferentLength -->
        <test-method status="FAIL" signature="givenRightSideDontHaveData_WhenValidateDiffIsCalled_ThenTypeIsDifferentLengthAndRightSideContainsNoValue()[pri:0, instance:org.waes.it.ValidateDiffIT@3b36e0]" name="givenRightSideDontHaveData_WhenValidateDiffIsCalled_ThenTypeIsDifferentLengthAndRightSideContainsNoValue" duration-ms="67" started-at="2018-09-06T18:54:02Z" description="ValidateDiff - When the right side don&#039;t have data." finished-at="2018-09-06T18:54:02Z">
          <exception class="java.lang.AssertionError">
            <message>
              <![CDATA[1 expectation failed.
Expected status code <200> but was <204>.
]]>
            </message>
            <full-stacktrace>
              <![CDATA[java.lang.AssertionError: 1 expectation failed.
Expected status code <200> but was <204>.

	at sun.reflect.NativeConstructorAccessorImpl.newInstance0(Native Method)
	at sun.reflect.NativeConstructorAccessorImpl.newInstance(NativeConstructorAccessorImpl.java:62)
	at sun.reflect.DelegatingConstructorAccessorImpl.newInstance(DelegatingConstructorAccessorImpl.java:45)
	at java.lang.reflect.Constructor.newInstance(Constructor.java:423)
	at org.codehaus.groovy.reflection.CachedConstructor.invoke(CachedConstructor.java:83)
	at org.codehaus.groovy.reflection.CachedConstructor.doConstructorInvoke(CachedConstructor.java:77)
	at org.codehaus.groovy.runtime.callsite.ConstructorSite$ConstructorSiteNoUnwrap.callConstructor(ConstructorSite.java:84)
	at org.codehaus.groovy.runtime.callsite.AbstractCallSite.callConstructor(AbstractCallSite.java:247)
	at io.restassured.internal.ResponseSpecificationImpl$HamcrestAssertionClosure.validate(ResponseSpecificationImpl.groovy:471)
	at io.restassured.internal.ResponseSpecificationImpl$HamcrestAssertionClosure$validate$1.call(Unknown Source)
	at io.restassured.internal.ResponseSpecificationImpl.validateResponseIfRequired(ResponseSpecificationImpl.groovy:643)
	at sun.reflect.GeneratedMethodAccessor47.invoke(Unknown Source)
	at sun.reflect.DelegatingMethodAccessorImpl.invoke(DelegatingMethodAccessorImpl.java:43)
	at java.lang.reflect.Method.invoke(Method.java:498)
	at org.codehaus.groovy.runtime.callsite.PogoMetaMethodSite$PogoCachedMethodSiteNoUnwrapNoCoerce.invoke(PogoMetaMethodSite.java:210)
	at org.codehaus.groovy.runtime.callsite.PogoMetaMethodSite.callCurrent(PogoMetaMethodSite.java:59)
	at org.codehaus.groovy.runtime.callsite.AbstractCallSite.callCurrent(AbstractCallSite.java:166)
	at io.restassured.internal.ResponseSpecificationImpl.statusCode(ResponseSpecificationImpl.groovy:122)
	at io.restassured.specification.ResponseSpecification$statusCode$0.callCurrent(Unknown Source)
	at io.restassured.internal.ResponseSpecificationImpl.statusCode(ResponseSpecificationImpl.groovy:130)
	at io.restassured.internal.ValidatableResponseOptionsImpl.statusCode(ValidatableResponseOptionsImpl.java:117)
	at org.waes.it.ValidateDiffIT.givenRightSideDontHaveData_WhenValidateDiffIsCalled_ThenTypeIsDifferentLengthAndRightSideContainsNoValue(ValidateDiffIT.java:69)
	at sun.reflect.NativeMethodAccessorImpl.invoke0(Native Method)
	at sun.reflect.NativeMethodAccessorImpl.invoke(NativeMethodAccessorImpl.java:62)
	at sun.reflect.DelegatingMethodAccessorImpl.invoke(DelegatingMethodAccessorImpl.java:43)
	at java.lang.reflect.Method.invoke(Method.java:498)
	at org.testng.internal.MethodInvocationHelper.invokeMethod(MethodInvocationHelper.java:108)
	at org.testng.internal.Invoker.invokeMethod(Invoker.java:661)
	at org.testng.internal.Invoker.invokeTestMethod(Invoker.java:869)
	at org.testng.internal.Invoker.invokeTestMethods(Invoker.java:1193)
	at org.testng.internal.TestMethodWorker.invokeTestMethods(TestMethodWorker.java:126)
	at org.testng.internal.TestMethodWorker.run(TestMethodWorker.java:109)
	at org.testng.TestRunner.privateRun(TestRunner.java:744)
	at org.testng.TestRunner.run(TestRunner.java:602)
	at org.testng.SuiteRunner.runTest(SuiteRunner.java:380)
	at org.testng.SuiteRunner.runSequentially(SuiteRunner.java:375)
	at org.testng.SuiteRunner.privateRun(SuiteRunner.java:340)
	at org.testng.SuiteRunner.run(SuiteRunner.java:289)
	at org.testng.SuiteRunnerWorker.runSuite(SuiteRunnerWorker.java:52)
	at org.testng.SuiteRunnerWorker.run(SuiteRunnerWorker.java:86)
	at org.testng.TestNG.runSuitesSequentially(TestNG.java:1301)
	at org.testng.TestNG.runSuitesLocally(TestNG.java:1226)
	at org.testng.TestNG.runSuites(TestNG.java:1144)
	at org.testng.TestNG.run(TestNG.java:1115)
	at org.apache.maven.surefire.testng.TestNGExecutor.run(TestNGExecutor.java:135)
	at org.apache.maven.surefire.testng.TestNGDirectoryTestSuite.executeMulti(TestNGDirectoryTestSuite.java:193)
	at org.apache.maven.surefire.testng.TestNGDirectoryTestSuite.execute(TestNGDirectoryTestSuite.java:94)
	at org.apache.maven.surefire.testng.TestNGProvider.invoke(TestNGProvider.java:146)
	at org.apache.maven.surefire.booter.ForkedBooter.invokeProviderInSameClassLoader(ForkedBooter.java:383)
	at org.apache.maven.surefire.booter.ForkedBooter.runSuitesInProcess(ForkedBooter.java:344)
	at org.apache.maven.surefire.booter.ForkedBooter.execute(ForkedBooter.java:125)
	at org.apache.maven.surefire.booter.ForkedBooter.main(ForkedBooter.java:417)
]]>
            </full-stacktrace>
          </exception> <!-- java.lang.AssertionError -->
          <reporter-output>
          </reporter-output>
        </test-method> <!-- givenRightSideDontHaveData_WhenValidateDiffIsCalled_ThenTypeIsDifferentLengthAndRightSideContainsNoValue -->
        <test-method status="FAIL" signature="givenRightSideHasAEmptyString_WhenValidateDiffIsCalled_ThenStatusCodeIs200AndTypeIsDifferentLength()[pri:0, instance:org.waes.it.ValidateDiffIT@3b36e0]" name="givenRightSideHasAEmptyString_WhenValidateDiffIsCalled_ThenStatusCodeIs200AndTypeIsDifferentLength" duration-ms="57" started-at="2018-09-06T18:54:02Z" description="ValidateDiff - When right side has a empty string and right side has a string." finished-at="2018-09-06T18:54:02Z">
          <exception class="java.lang.AssertionError">
            <message>
              <![CDATA[1 expectation failed.
JSON path right doesn't match.
Expected: W43s
  Actual: 
]]>
            </message>
            <full-stacktrace>
              <![CDATA[java.lang.AssertionError: 1 expectation failed.
JSON path right doesn't match.
Expected: W43s
  Actual: 

	at sun.reflect.NativeConstructorAccessorImpl.newInstance0(Native Method)
	at sun.reflect.NativeConstructorAccessorImpl.newInstance(NativeConstructorAccessorImpl.java:62)
	at sun.reflect.DelegatingConstructorAccessorImpl.newInstance(DelegatingConstructorAccessorImpl.java:45)
	at java.lang.reflect.Constructor.newInstance(Constructor.java:423)
	at org.codehaus.groovy.reflection.CachedConstructor.invoke(CachedConstructor.java:83)
	at org.codehaus.groovy.reflection.CachedConstructor.doConstructorInvoke(CachedConstructor.java:77)
	at org.codehaus.groovy.runtime.callsite.ConstructorSite$ConstructorSiteNoUnwrap.callConstructor(ConstructorSite.java:84)
	at org.codehaus.groovy.runtime.callsite.AbstractCallSite.callConstructor(AbstractCallSite.java:247)
	at io.restassured.internal.ResponseSpecificationImpl$HamcrestAssertionClosure.validate(ResponseSpecificationImpl.groovy:471)
	at io.restassured.internal.ResponseSpecificationImpl$HamcrestAssertionClosure$validate$1.call(Unknown Source)
	at io.restassured.internal.ResponseSpecificationImpl.validateResponseIfRequired(ResponseSpecificationImpl.groovy:643)
	at sun.reflect.GeneratedMethodAccessor47.invoke(Unknown Source)
	at sun.reflect.DelegatingMethodAccessorImpl.invoke(DelegatingMethodAccessorImpl.java:43)
	at java.lang.reflect.Method.invoke(Method.java:498)
	at org.codehaus.groovy.runtime.callsite.PogoMetaMethodSite$PogoCachedMethodSiteNoUnwrapNoCoerce.invoke(PogoMetaMethodSite.java:210)
	at org.codehaus.groovy.runtime.callsite.PogoMetaMethodSite.callCurrent(PogoMetaMethodSite.java:59)
	at org.codehaus.groovy.runtime.callsite.AbstractCallSite.callCurrent(AbstractCallSite.java:166)
	at io.restassured.internal.ResponseSpecificationImpl.content(ResponseSpecificationImpl.groovy:265)
	at io.restassured.specification.ResponseSpecification$content$1.callCurrent(Unknown Source)
	at io.restassured.internal.ResponseSpecificationImpl.body(ResponseSpecificationImpl.groovy:248)
	at io.restassured.internal.ValidatableResponseOptionsImpl.body(ValidatableResponseOptionsImpl.java:268)
	at org.waes.it.ValidateDiffIT.givenRightSideHasAEmptyString_WhenValidateDiffIsCalled_ThenStatusCodeIs200AndTypeIsDifferentLength(ValidateDiffIT.java:339)
	at sun.reflect.NativeMethodAccessorImpl.invoke0(Native Method)
	at sun.reflect.NativeMethodAccessorImpl.invoke(NativeMethodAccessorImpl.java:62)
	at sun.reflect.DelegatingMethodAccessorImpl.invoke(DelegatingMethodAccessorImpl.java:43)
	at java.lang.reflect.Method.invoke(Method.java:498)
	at org.testng.internal.MethodInvocationHelper.invokeMethod(MethodInvocationHelper.java:108)
	at org.testng.internal.Invoker.invokeMethod(Invoker.java:661)
	at org.testng.internal.Invoker.invokeTestMethod(Invoker.java:869)
	at org.testng.internal.Invoker.invokeTestMethods(Invoker.java:1193)
	at org.testng.internal.TestMethodWorker.invokeTestMethods(TestMethodWorker.java:126)
	at org.testng.internal.TestMethodWorker.run(TestMethodWorker.java:109)
	at org.testng.TestRunner.privateRun(TestRunner.java:744)
	at org.testng.TestRunner.run(TestRunner.java:602)
	at org.testng.SuiteRunner.runTest(SuiteRunner.java:380)
	at org.testng.SuiteRunner.runSequentially(SuiteRunner.java:375)
	at org.testng.SuiteRunner.privateRun(SuiteRunner.java:340)
	at org.testng.SuiteRunner.run(SuiteRunner.java:289)
	at org.testng.SuiteRunnerWorker.runSuite(SuiteRunnerWorker.java:52)
	at org.testng.SuiteRunnerWorker.run(SuiteRunnerWorker.java:86)
	at org.testng.TestNG.runSuitesSequentially(TestNG.java:1301)
	at org.testng.TestNG.runSuitesLocally(TestNG.java:1226)
	at org.testng.TestNG.runSuites(TestNG.java:1144)
	at org.testng.TestNG.run(TestNG.java:1115)
	at org.apache.maven.surefire.testng.TestNGExecutor.run(TestNGExecutor.java:135)
	at org.apache.maven.surefire.testng.TestNGDirectoryTestSuite.executeMulti(TestNGDirectoryTestSuite.java:193)
	at org.apache.maven.surefire.testng.TestNGDirectoryTestSuite.execute(TestNGDirectoryTestSuite.java:94)
	at org.apache.maven.surefire.testng.TestNGProvider.invoke(TestNGProvider.java:146)
	at org.apache.maven.surefire.booter.ForkedBooter.invokeProviderInSameClassLoader(ForkedBooter.java:383)
	at org.apache.maven.surefire.booter.ForkedBooter.runSuitesInProcess(ForkedBooter.java:344)
	at org.apache.maven.surefire.booter.ForkedBooter.execute(ForkedBooter.java:125)
	at org.apache.maven.surefire.booter.ForkedBooter.main(ForkedBooter.java:417)
]]>
            </full-stacktrace>
          </exception> <!-- java.lang.AssertionError -->
          <reporter-output>
          </reporter-output>
        </test-method> <!-- givenRightSideHasAEmptyString_WhenValidateDiffIsCalled_ThenStatusCodeIs200AndTypeIsDifferentLength -->
        <test-method status="PASS" signature="givenTheEndpointAcceptsLongAsID_WhenValidateDiffIsCalledWithACharAsId_ThenTheStatusCodeIs404()[pri:0, instance:org.waes.it.ValidateDiffIT@3b36e0]" name="givenTheEndpointAcceptsLongAsID_WhenValidateDiffIsCalledWithACharAsId_ThenTheStatusCodeIs404" duration-ms="19" started-at="2018-09-06T18:54:02Z" description="Calling ValidateDiffIT using a CHAR as id" finished-at="2018-09-06T18:54:03Z">
          <reporter-output>
          </reporter-output>
        </test-method> <!-- givenTheEndpointAcceptsLongAsID_WhenValidateDiffIsCalledWithACharAsId_ThenTheStatusCodeIs404 -->
        <test-method status="PASS" signature="givenTheValueAreInANegId_WhenValidateDiffIsCalledWithTheNegId_ThenTheStatusCodeIs200AndTypeEqual()[pri:0, instance:org.waes.it.ValidateDiffIT@3b36e0]" name="givenTheValueAreInANegId_WhenValidateDiffIsCalledWithTheNegId_ThenTheStatusCodeIs200AndTypeEqual" duration-ms="93" started-at="2018-09-06T18:54:03Z" description="ValidateDiff - Sides with equal data but in a negative ID" finished-at="2018-09-06T18:54:03Z">
          <reporter-output>
          </reporter-output>
        </test-method> <!-- givenTheValueAreInANegId_WhenValidateDiffIsCalledWithTheNegId_ThenTheStatusCodeIs200AndTypeEqual -->
      </class> <!-- org.waes.it.ValidateDiffIT -->
    </test> <!-- Surefire test -->
  </suite> <!-- Surefire suite -->
</testng-results>
